<?xml version="1.0" encoding="UTF-8"?>
<robot generator="Robot 7.4.1 (Python 3.14.2 on win32)" generated="2026-01-16T09:26:36.521669" rpa="false" schemaversion="5">
<suite id="s1" name="smokeTests &amp; crudTests">
<suite id="s1-s1" name="smokeTests" source="C:\Users\ValentinaBianchini\Desktop\robot-framework-appium\api_tests\tests\smokeTests.robot">
<kw name="Setup API Test Suite" owner="base" type="SETUP">
<kw name="Log" owner="BuiltIn">
<msg time="2026-01-16T09:26:36.704355" level="INFO">🚀 Iniciando Suite de Tests de API</msg>
<arg>🚀 Iniciando Suite de Tests de API</arg>
<arg>console=${TRUE}</arg>
<doc>Logs the given message with the given level.</doc>
<status status="PASS" start="2026-01-16T09:26:36.703804" elapsed="0.000908"/>
</kw>
<kw name="Create API Session" owner="base">
<kw name="Log" owner="BuiltIn">
<msg time="2026-01-16T09:26:36.705964" level="INFO">📡 Creando sesión HTTP: restful_api</msg>
<arg>📡 Creando sesión HTTP: ${SESSION_ALIAS}</arg>
<arg>console=${TRUE}</arg>
<doc>Logs the given message with the given level.</doc>
<status status="PASS" start="2026-01-16T09:26:36.705413" elapsed="0.000804"/>
</kw>
<kw name="Create Session" owner="RequestsLibrary">
<msg time="2026-01-16T09:26:36.706922" level="INFO">Creating Session using : alias=restful_api, url=https://api.restful-api.dev, headers={'Content-Type': 'application/json', 'Accept': 'application/json'},                     cookies={}, auth=None, timeout=30, proxies=None, verify=False,                     debug=0 </msg>
<arg>alias=${SESSION_ALIAS}</arg>
<arg>url=${BASE_URL}</arg>
<arg>headers=${DEFAULT_HEADERS}</arg>
<arg>verify=${VERIFY_SSL}</arg>
<arg>timeout=${TIMEOUT}</arg>
<doc>Create Session: create a HTTP session to a server</doc>
<status status="PASS" start="2026-01-16T09:26:36.706415" elapsed="0.000780"/>
</kw>
<kw name="Log" owner="BuiltIn">
<msg time="2026-01-16T09:26:36.707786" level="INFO">✅ Sesión HTTP creada exitosamente</msg>
<arg>✅ Sesión HTTP creada exitosamente</arg>
<arg>console=${TRUE}</arg>
<doc>Logs the given message with the given level.</doc>
<status status="PASS" start="2026-01-16T09:26:36.707380" elapsed="0.000589"/>
</kw>
<doc>Crea sesión HTTP reutilizable con configuración estándar
Parámetros de timeout y SSL configurables</doc>
<status status="PASS" start="2026-01-16T09:26:36.705081" elapsed="0.002979"/>
</kw>
<kw name="Verify API Health" owner="base">
<kw name="Log" owner="BuiltIn">
<msg time="2026-01-16T09:26:36.708931" level="INFO">🏥 Verificando salud de la API...</msg>
<arg>🏥 Verificando salud de la API...</arg>
<arg>console=${TRUE}</arg>
<doc>Logs the given message with the given level.</doc>
<status status="PASS" start="2026-01-16T09:26:36.708555" elapsed="0.000581"/>
</kw>
<kw name="GET On Session" owner="RequestsLibrary">
<msg time="2026-01-16T09:26:38.274280" level="INFO">GET Request : url=https://api.restful-api.dev/objects 
 path_url=/objects 
 headers={'User-Agent': 'python-requests/2.32.5', 'Accept-Encoding': 'gzip, deflate, zstd', 'Accept': 'application/json', 'Connection': 'keep-alive', 'Content-Type': 'application/json'} 
 body=None 
 </msg>
<msg time="2026-01-16T09:26:38.274482" level="INFO">GET Response : url=https://api.restful-api.dev/objects 
 status=200, reason=OK 
 headers={'Date': 'Fri, 16 Jan 2026 12:26:38 GMT', 'Content-Type': 'application/json', 'Transfer-Encoding': 'chunked', 'Connection': 'keep-alive', 'Server': 'cloudflare', 'Nel': '{"report_to":"cf-nel","success_fraction":0.0,"max_age":604800}', 'Vary': 'Origin, Access-Control-Request-Method, Access-Control-Request-Headers', 'cf-cache-status': 'DYNAMIC', 'Report-To': '{"group":"cf-nel","max_age":604800,"endpoints":[{"url":"https://a.nel.cloudflare.com/report/v4?s=Yis23VwK13vRv15NGykFPELYFqQnw%2FsMe3sYj7XINzjdzf5rGaZzSQ9sXAT7vzvgBOak1JPJUzn6OGevRUW20VCI6hthWAmBAyA0SG4jY1AO"}]}', 'Content-Encoding': 'zstd', 'CF-RAY': '9bed9a2e4a2a1e7f-EZE', 'alt-svc': 'h3=":443"; ma=86400'} 
 body=[{"id":"1","name":"Google Pixel 6 Pro","data":{"color":"Cloudy White","capacity":"128 GB"}},{"id":"2","name":"Apple iPhone 12 Mini, 256GB, Blue","data":null},{"id":"3","name":"Apple iPhone 12 Pro Max","data":{"color":"Cloudy White","capacity GB":512}},{"id":"4","name":"Apple iPhone 11, 64GB","data":{"price":389.99,"color":"Purple"}},{"id":"5","name":"Samsung Galaxy Z Fold2","data":{"price":689.99,"color":"Brown"}},{"id":"6","name":"Apple AirPods","data":{"generation":"3rd","price":120}},{"id":"7","name":"Apple MacBook Pro 16","data":{"year":2019,"price":1849.99,"CPU model":"Intel Core i9","Hard disk size":"1 TB"}},{"id":"8","name":"Apple Watch Series 8","data":{"Strap Colour":"Elderberry","Case Size":"41mm"}},{"id":"9","name":"Beats Studio3 Wireless","data":{"Color":"Red","Description":"High-performance wireless noise cancelling headphones"}},{"id":"10","name":"Apple iPad Mini 5th Gen","data":{"Capacity":"64 GB","Screen size":7.9}},{"id":"11","name":"Apple iPad Mini 5th Gen","data":{"Capacity":"254 GB","Screen size":7.9}},{"id":"12","name":"Apple iPad Air","data":{"Generation":"4th","Price":"419.99","Capacity":"64 GB"}},{"id":"13","name":"Apple iPad Air","data":{"Generation":"4th","Price":"519.99","Capacity":"256 GB"}}] 
 </msg>
<msg time="2026-01-16T09:26:38.274629" level="INFO">C:\Users\ValentinaBianchini\AppData\Local\Programs\Python\Python314\Lib\site-packages\urllib3\connectionpool.py:1097: InsecureRequestWarning: Unverified HTTPS request is being made to host 'api.restful-api.dev'. Adding certificate verification is strongly advised. See: https://urllib3.readthedocs.io/en/latest/advanced-usage.html#tls-warnings
  warnings.warn(</msg>
<msg time="2026-01-16T09:26:38.275292" level="INFO">${response} = &lt;Response [200]&gt;</msg>
<var>${response}</var>
<arg>${SESSION_ALIAS}</arg>
<arg>${HEALTH_ENDPOINT}</arg>
<arg>expected_status=any</arg>
<doc>Sends a GET request on a previously created HTTP Session.</doc>
<status status="PASS" start="2026-01-16T09:26:36.709342" elapsed="1.566051"/>
</kw>
<kw name="Should Be Equal As Integers" owner="BuiltIn">
<msg time="2026-01-16T09:26:38.278442" level="INFO">Argument types are:
&lt;class 'int'&gt;
&lt;class 'str'&gt;</msg>
<arg>${response.status_code}</arg>
<arg>${STATUS_OK}</arg>
<arg>msg=❌ API no está respondiendo correctamente</arg>
<doc>Fails if objects are unequal after converting them to integers.</doc>
<status status="PASS" start="2026-01-16T09:26:38.275717" elapsed="0.002857"/>
</kw>
<kw name="Log" owner="BuiltIn">
<msg time="2026-01-16T09:26:38.279415" level="INFO">✅ API está saludable y respondiendo</msg>
<arg>✅ API está saludable y respondiendo</arg>
<arg>console=${TRUE}</arg>
<doc>Logs the given message with the given level.</doc>
<status status="PASS" start="2026-01-16T09:26:38.278862" elapsed="0.001035"/>
</kw>
<doc>Verifica que la API esté accesible y respondiendo
Realiza GET al endpoint de salud</doc>
<status status="PASS" start="2026-01-16T09:26:36.708261" elapsed="1.571859"/>
</kw>
<doc>Configuración inicial para toda la suite de tests
Crea sesión HTTP y valida conectividad</doc>
<status status="PASS" start="2026-01-16T09:26:36.702880" elapsed="1.577378"/>
</kw>
<test id="s1-s1-t1" name="API Health Check" line="27">
<kw name="Setup API Test Case" owner="base" type="SETUP">
<kw name="Log" owner="BuiltIn">
<msg time="2026-01-16T09:26:38.282984" level="INFO">🧪 Ejecutando Test Case</msg>
<arg>🧪 Ejecutando Test Case</arg>
<arg>console=${TRUE}</arg>
<doc>Logs the given message with the given level.</doc>
<status status="PASS" start="2026-01-16T09:26:38.282338" elapsed="0.001071"/>
</kw>
<kw name="Run Keyword And Return Status" owner="BuiltIn">
<kw name="Session Exists" owner="RequestsLibrary">
<arg>${SESSION_ALIAS}</arg>
<doc>Return True if the session has been already created</doc>
<status status="PASS" start="2026-01-16T09:26:38.284274" elapsed="0.000193"/>
</kw>
<msg time="2026-01-16T09:26:38.284610" level="INFO">${session_exists} = True</msg>
<var>${session_exists}</var>
<arg>Session Exists</arg>
<arg>${SESSION_ALIAS}</arg>
<doc>Runs the specified keyword and returns the status as a Boolean value.</doc>
<status status="PASS" start="2026-01-16T09:26:38.283714" elapsed="0.000942"/>
</kw>
<kw name="Run Keyword If" owner="BuiltIn">
<arg>not ${session_exists}</arg>
<arg>Create API Session</arg>
<doc>Runs the given keyword with the given arguments, if ``condition`` is true.</doc>
<status status="PASS" start="2026-01-16T09:26:38.284955" elapsed="0.000627"/>
</kw>
<doc>Configuración inicial para cada test case
Verifica que la sesión esté activa</doc>
<status status="PASS" start="2026-01-16T09:26:38.281811" elapsed="0.003863"/>
</kw>
<kw name="Log" owner="BuiltIn">
<msg time="2026-01-16T09:26:38.286575" level="INFO">🏥 Iniciando Health Check de la API</msg>
<arg>🏥 Iniciando Health Check de la API</arg>
<arg>console=${TRUE}</arg>
<doc>Logs the given message with the given level.</doc>
<status status="PASS" start="2026-01-16T09:26:38.286139" elapsed="0.000797"/>
</kw>
<kw name="GET Request" owner="helpers">
<kw name="Log Request" owner="base">
<kw name="Log" owner="BuiltIn">
<msg time="2026-01-16T09:26:38.291231" level="INFO">📤 REQUEST:</msg>
<arg>📤 REQUEST:</arg>
<arg>console=${TRUE}</arg>
<doc>Logs the given message with the given level.</doc>
<status status="PASS" start="2026-01-16T09:26:38.290598" elapsed="0.001129"/>
</kw>
<kw name="Log" owner="BuiltIn">
<msg time="2026-01-16T09:26:38.292844" level="INFO">Method: GET</msg>
<arg>Method: ${method}</arg>
<arg>console=${TRUE}</arg>
<doc>Logs the given message with the given level.</doc>
<status status="PASS" start="2026-01-16T09:26:38.292098" elapsed="0.001254"/>
</kw>
<kw name="Log" owner="BuiltIn">
<msg time="2026-01-16T09:26:38.294288" level="INFO">Endpoint: /objects</msg>
<arg>Endpoint: ${endpoint}</arg>
<arg>console=${TRUE}</arg>
<doc>Logs the given message with the given level.</doc>
<status status="PASS" start="2026-01-16T09:26:38.293714" elapsed="0.000886"/>
</kw>
<kw name="Run Keyword If" owner="BuiltIn">
<arg>'${body}' != '${EMPTY}'</arg>
<arg>Log</arg>
<arg>Body: ${body}</arg>
<arg>console=${TRUE}</arg>
<doc>Runs the given keyword with the given arguments, if ``condition`` is true.</doc>
<status status="PASS" start="2026-01-16T09:26:38.294956" elapsed="0.003218"/>
</kw>
<arg>GET</arg>
<arg>${endpoint}</arg>
<doc>Registra detalles de la petición para debugging</doc>
<status status="PASS" start="2026-01-16T09:26:38.287983" elapsed="0.010393"/>
</kw>
<kw name="GET On Session" owner="RequestsLibrary">
<msg time="2026-01-16T09:26:41.901750" level="INFO">GET Request : url=https://api.restful-api.dev/objects 
 path_url=/objects 
 headers={'User-Agent': 'python-requests/2.32.5', 'Accept-Encoding': 'gzip, deflate, zstd', 'Accept': 'application/json', 'Connection': 'keep-alive', 'Content-Type': 'application/json'} 
 body=None 
 </msg>
<msg time="2026-01-16T09:26:41.901860" level="INFO">GET Response : url=https://api.restful-api.dev/objects 
 status=200, reason=OK 
 headers={'Date': 'Fri, 16 Jan 2026 12:26:41 GMT', 'Content-Type': 'application/json', 'Transfer-Encoding': 'chunked', 'Connection': 'keep-alive', 'Server': 'cloudflare', 'Nel': '{"report_to":"cf-nel","success_fraction":0.0,"max_age":604800}', 'Vary': 'Origin, Access-Control-Request-Method, Access-Control-Request-Headers', 'cf-cache-status': 'DYNAMIC', 'Report-To': '{"group":"cf-nel","max_age":604800,"endpoints":[{"url":"https://a.nel.cloudflare.com/report/v4?s=GGihhoPtPU9XAGKFsORb24%2BiZTcCVt2EMtj5PEbYtGc0Tyoup614%2F1YqqrAMoErRsO3LKJ1MP4UYhMU01b1QDbydOteTg25bUGFaoghsbIU9"}]}', 'Content-Encoding': 'zstd', 'CF-RAY': '9bed9a348d781e7f-EZE', 'alt-svc': 'h3=":443"; ma=86400'} 
 body=[{"id":"1","name":"Google Pixel 6 Pro","data":{"color":"Cloudy White","capacity":"128 GB"}},{"id":"2","name":"Apple iPhone 12 Mini, 256GB, Blue","data":null},{"id":"3","name":"Apple iPhone 12 Pro Max","data":{"color":"Cloudy White","capacity GB":512}},{"id":"4","name":"Apple iPhone 11, 64GB","data":{"price":389.99,"color":"Purple"}},{"id":"5","name":"Samsung Galaxy Z Fold2","data":{"price":689.99,"color":"Brown"}},{"id":"6","name":"Apple AirPods","data":{"generation":"3rd","price":120}},{"id":"7","name":"Apple MacBook Pro 16","data":{"year":2019,"price":1849.99,"CPU model":"Intel Core i9","Hard disk size":"1 TB"}},{"id":"8","name":"Apple Watch Series 8","data":{"Strap Colour":"Elderberry","Case Size":"41mm"}},{"id":"9","name":"Beats Studio3 Wireless","data":{"Color":"Red","Description":"High-performance wireless noise cancelling headphones"}},{"id":"10","name":"Apple iPad Mini 5th Gen","data":{"Capacity":"64 GB","Screen size":7.9}},{"id":"11","name":"Apple iPad Mini 5th Gen","data":{"Capacity":"254 GB","Screen size":7.9}},{"id":"12","name":"Apple iPad Air","data":{"Generation":"4th","Price":"419.99","Capacity":"64 GB"}},{"id":"13","name":"Apple iPad Air","data":{"Generation":"4th","Price":"519.99","Capacity":"256 GB"}}] 
 </msg>
<msg time="2026-01-16T09:26:41.901931" level="INFO">C:\Users\ValentinaBianchini\AppData\Local\Programs\Python\Python314\Lib\site-packages\urllib3\connectionpool.py:1097: InsecureRequestWarning: Unverified HTTPS request is being made to host 'api.restful-api.dev'. Adding certificate verification is strongly advised. See: https://urllib3.readthedocs.io/en/latest/advanced-usage.html#tls-warnings
  warnings.warn(</msg>
<msg time="2026-01-16T09:26:41.902293" level="INFO">${response} = &lt;Response [200]&gt;</msg>
<var>${response}</var>
<arg>${SESSION_ALIAS}</arg>
<arg>${endpoint}</arg>
<arg>expected_status=${expected_status}</arg>
<doc>Sends a GET request on a previously created HTTP Session.</doc>
<status status="PASS" start="2026-01-16T09:26:38.298653" elapsed="3.603697"/>
</kw>
<kw name="Log Response" owner="base">
<kw name="Log" owner="BuiltIn">
<msg time="2026-01-16T09:26:41.903414" level="INFO">📥 RESPONSE:</msg>
<arg>📥 RESPONSE:</arg>
<arg>console=${TRUE}</arg>
<doc>Logs the given message with the given level.</doc>
<status status="PASS" start="2026-01-16T09:26:41.903015" elapsed="0.000615"/>
</kw>
<kw name="Log" owner="BuiltIn">
<msg time="2026-01-16T09:26:41.904965" level="INFO">Status: 200</msg>
<arg>Status: ${response.status_code}</arg>
<arg>console=${TRUE}</arg>
<doc>Logs the given message with the given level.</doc>
<status status="PASS" start="2026-01-16T09:26:41.903811" elapsed="0.001355"/>
</kw>
<kw name="Log" owner="BuiltIn">
<msg time="2026-01-16T09:26:41.906487" level="INFO">Body: [{'id': '1', 'name': 'Google Pixel 6 Pro', 'data': {'color': 'Cloudy White', 'capacity': '128 GB'}}, {'id': '2', 'name': 'Apple iPhone 12 Mini, 256GB, Blue', 'data': None}, {'id': '3', 'name': 'Apple iPhone 12 Pro Max', 'data': {'color': 'Cloudy White', 'capacity GB': 512}}, {'id': '4', 'name': 'Apple iPhone 11, 64GB', 'data': {'price': 389.99, 'color': 'Purple'}}, {'id': '5', 'name': 'Samsung Galaxy Z Fold2', 'data': {'price': 689.99, 'color': 'Brown'}}, {'id': '6', 'name': 'Apple AirPods', 'data': {'generation': '3rd', 'price': 120}}, {'id': '7', 'name': 'Apple MacBook Pro 16', 'data': {'year': 2019, 'price': 1849.99, 'CPU model': 'Intel Core i9', 'Hard disk size': '1 TB'}}, {'id': '8', 'name': 'Apple Watch Series 8', 'data': {'Strap Colour': 'Elderberry', 'Case Size': '41mm'}}, {'id': '9', 'name': 'Beats Studio3 Wireless', 'data': {'Color': 'Red', 'Description': 'High-performance wireless noise cancelling headphones'}}, {'id': '10', 'name': 'Apple iPad Mini 5th Gen', 'data': {'Capacity': '64 GB', 'Screen size': 7.9}}, {'id': '11', 'name': 'Apple iPad Mini 5th Gen', 'data': {'Capacity': '254 GB', 'Screen size': 7.9}}, {'id': '12', 'name': 'Apple iPad Air', 'data': {'Generation': '4th', 'Price': '419.99', 'Capacity': '64 GB'}}, {'id': '13', 'name': 'Apple iPad Air', 'data': {'Generation': '4th', 'Price': '519.99', 'Capacity': '256 GB'}}]</msg>
<arg>Body: ${response.json()}</arg>
<arg>console=${TRUE}</arg>
<doc>Logs the given message with the given level.</doc>
<status status="PASS" start="2026-01-16T09:26:41.905292" elapsed="0.001481"/>
</kw>
<kw name="Log" owner="BuiltIn">
<msg time="2026-01-16T09:26:41.908423" level="INFO">Elapsed: 0:00:03.590249</msg>
<arg>Elapsed: ${response.elapsed}</arg>
<arg>console=${TRUE}</arg>
<doc>Logs the given message with the given level.</doc>
<status status="PASS" start="2026-01-16T09:26:41.906905" elapsed="0.001746"/>
</kw>
<arg>${response}</arg>
<doc>Registra detalles de la respuesta para debugging</doc>
<status status="PASS" start="2026-01-16T09:26:41.902624" elapsed="0.006150"/>
</kw>
<return>
<value>${response}</value>
<status status="PASS" start="2026-01-16T09:26:41.908846" elapsed="0.000072"/>
</return>
<msg time="2026-01-16T09:26:41.909102" level="INFO">${response} = &lt;Response [200]&gt;</msg>
<var>${response}</var>
<arg>${ENDPOINT_OBJECTS}</arg>
<doc>Realiza petición GET con logging y validación
Retorna objeto response completo</doc>
<status status="PASS" start="2026-01-16T09:26:38.287477" elapsed="3.621657"/>
</kw>
<kw name="Validate Status Code" owner="helpers">
<kw name="Should Be Equal As Integers" owner="BuiltIn">
<msg time="2026-01-16T09:26:41.912490" level="INFO">Argument types are:
&lt;class 'int'&gt;
&lt;class 'str'&gt;</msg>
<arg>${response.status_code}</arg>
<arg>${expected_status}</arg>
<arg>msg=❌ Status code esperado: ${expected_status}, recibido: ${response.status_code}</arg>
<doc>Fails if objects are unequal after converting them to integers.</doc>
<status status="PASS" start="2026-01-16T09:26:41.909921" elapsed="0.002631"/>
</kw>
<kw name="Log" owner="BuiltIn">
<msg time="2026-01-16T09:26:41.912934" level="INFO">✅ Status code válido: 200</msg>
<arg>✅ Status code válido: ${expected_status}</arg>
<arg>console=${TRUE}</arg>
<doc>Logs the given message with the given level.</doc>
<status status="PASS" start="2026-01-16T09:26:41.912672" elapsed="0.000485"/>
</kw>
<arg>${response}</arg>
<arg>${HTTP_200_OK}</arg>
<doc>Valida que el status code sea el esperado
Muestra mensaje descriptivo en caso de error</doc>
<status status="PASS" start="2026-01-16T09:26:41.909505" elapsed="0.003743"/>
</kw>
<kw name="Validate Response Not Empty" owner="helpers">
<kw name="Should Not Be Empty" owner="BuiltIn">
<msg time="2026-01-16T09:26:41.915083" level="INFO">Length is 13.</msg>
<arg>${response.json()}</arg>
<arg>msg=❌ Response body está vacío</arg>
<doc>Verifies that the given item is not empty.</doc>
<status status="PASS" start="2026-01-16T09:26:41.913860" elapsed="0.001283"/>
</kw>
<kw name="Log" owner="BuiltIn">
<msg time="2026-01-16T09:26:41.915473" level="INFO">✅ Response contiene datos</msg>
<arg>✅ Response contiene datos</arg>
<arg>console=${TRUE}</arg>
<doc>Logs the given message with the given level.</doc>
<status status="PASS" start="2026-01-16T09:26:41.915258" elapsed="0.000353"/>
</kw>
<arg>${response}</arg>
<doc>Verifica que la respuesta no esté vacía
Útil para endpoints que retornan listas o objetos</doc>
<status status="PASS" start="2026-01-16T09:26:41.913619" elapsed="0.002061"/>
</kw>
<kw name="Validate Response Is List" owner="helpers">
<kw name="Set Variable" owner="BuiltIn">
<msg time="2026-01-16T09:26:41.918191" level="INFO">${json} = [{'id': '1', 'name': 'Google Pixel 6 Pro', 'data': {'color': 'Cloudy White', 'capacity': '128 GB'}}, {'id': '2', 'name': 'Apple iPhone 12 Mini, 256GB, Blue', 'data': None}, {'id': '3', 'name': 'Apple ...</msg>
<var>${json}</var>
<arg>${response.json()}</arg>
<doc>Returns the given values which can then be assigned to a variables.</doc>
<status status="PASS" start="2026-01-16T09:26:41.916301" elapsed="0.001943"/>
</kw>
<kw name="Evaluate" owner="BuiltIn">
<msg time="2026-01-16T09:26:41.918951" level="INFO">${is_list} = True</msg>
<var>${is_list}</var>
<arg>isinstance($json, list)</arg>
<doc>Evaluates the given expression in Python and returns the result.</doc>
<status status="PASS" start="2026-01-16T09:26:41.918415" elapsed="0.000576"/>
</kw>
<kw name="Should Be True" owner="BuiltIn">
<arg>${is_list}</arg>
<arg>msg=❌ Response no es una lista</arg>
<doc>Fails if the given condition is not true.</doc>
<status status="PASS" start="2026-01-16T09:26:41.919148" elapsed="0.000400"/>
</kw>
<kw name="Get Length" owner="BuiltIn">
<msg time="2026-01-16T09:26:41.920316" level="INFO">Length is 13.</msg>
<msg time="2026-01-16T09:26:41.920433" level="INFO">${length} = 13</msg>
<var>${length}</var>
<arg>${json}</arg>
<doc>Returns and logs the length of the given item as an integer.</doc>
<status status="PASS" start="2026-01-16T09:26:41.919703" elapsed="0.000771"/>
</kw>
<kw name="Should Be True" owner="BuiltIn">
<arg>${length} &gt;= ${min_length}</arg>
<arg>msg=❌ Lista tiene ${length} elementos, se esperaban al menos ${min_length}</arg>
<doc>Fails if the given condition is not true.</doc>
<status status="PASS" start="2026-01-16T09:26:41.920654" elapsed="0.001229"/>
</kw>
<kw name="Log" owner="BuiltIn">
<msg time="2026-01-16T09:26:41.922934" level="INFO">✅ Response es lista con 13 elementos</msg>
<arg>✅ Response es lista con ${length} elementos</arg>
<arg>console=${TRUE}</arg>
<doc>Logs the given message with the given level.</doc>
<status status="PASS" start="2026-01-16T09:26:41.922301" elapsed="0.000897"/>
</kw>
<arg>${response}</arg>
<arg>${MIN_OBJECTS_IN_LIST}</arg>
<doc>Valida que la respuesta sea una lista
Verifica tipo de dato y opcionalmente longitud mínima</doc>
<status status="PASS" start="2026-01-16T09:26:41.915934" elapsed="0.007390"/>
</kw>
<kw name="Validate Response Time" owner="helpers">
<kw name="Evaluate" owner="BuiltIn">
<msg time="2026-01-16T09:26:41.925429" level="INFO">${elapsed_seconds} = 3.590249</msg>
<var>${elapsed_seconds}</var>
<arg>float(${response.elapsed.total_seconds()})</arg>
<doc>Evaluates the given expression in Python and returns the result.</doc>
<status status="PASS" start="2026-01-16T09:26:41.924028" elapsed="0.001435"/>
</kw>
<kw name="Convert To Number" owner="BuiltIn">
<msg time="2026-01-16T09:26:41.925909" level="INFO">${max_time_float} = 3.0</msg>
<var>${max_time_float}</var>
<arg>${max_time}</arg>
<doc>Converts the given item to a floating point number.</doc>
<status status="PASS" start="2026-01-16T09:26:41.925592" elapsed="0.000344"/>
</kw>
<kw name="Should Be True" owner="BuiltIn">
<msg time="2026-01-16T09:26:41.926663" level="FAIL">❌ Response time 3.590249s excede el máximo 3.0s</msg>
<arg>${elapsed_seconds} &lt;= ${max_time_float}</arg>
<arg>msg=❌ Response time ${elapsed_seconds}s excede el máximo ${max_time}s</arg>
<doc>Fails if the given condition is not true.</doc>
<status status="FAIL" start="2026-01-16T09:26:41.926054" elapsed="0.000796">❌ Response time 3.590249s excede el máximo 3.0s</status>
</kw>
<kw name="Log" owner="BuiltIn">
<arg>✅ Response time OK: ${elapsed_seconds}s</arg>
<arg>console=${TRUE}</arg>
<doc>Logs the given message with the given level.</doc>
<status status="NOT RUN" start="2026-01-16T09:26:41.926993" elapsed="0.000020"/>
</kw>
<arg>${response}</arg>
<arg>${MAX_RESPONSE_TIME_LIST}</arg>
<doc>Valida que el tiempo de respuesta esté dentro del límite
Tiempo en segundos (float)</doc>
<status status="FAIL" start="2026-01-16T09:26:41.923650" elapsed="0.003500">❌ Response time 3.590249s excede el máximo 3.0s</status>
</kw>
<kw name="Log" owner="BuiltIn">
<arg>✅ API Health Check PASSED</arg>
<arg>console=${TRUE}</arg>
<doc>Logs the given message with the given level.</doc>
<status status="NOT RUN" start="2026-01-16T09:26:41.928593" elapsed="0.000044"/>
</kw>
<kw name="Teardown API Test Case" owner="base" type="TEARDOWN">
<kw name="Log" owner="BuiltIn">
<msg time="2026-01-16T09:26:41.929907" level="INFO">✅ Test Case completado</msg>
<arg>✅ Test Case completado</arg>
<arg>console=${TRUE}</arg>
<doc>Logs the given message with the given level.</doc>
<status status="PASS" start="2026-01-16T09:26:41.929487" elapsed="0.000645"/>
</kw>
<doc>Limpieza después de cada test case
Registra resultado y limpia datos temporales</doc>
<status status="PASS" start="2026-01-16T09:26:41.929140" elapsed="0.001078"/>
</kw>
<doc>✅ Verifica que la API esté accesible y respondiendo

Valida:
- Status code 200
- Response no vacío
- Tiempo de respuesta &lt; 3s</doc>
<tag>critical</tag>
<tag>health</tag>
<tag>p0</tag>
<tag>quick</tag>
<tag>smoke</tag>
<status status="FAIL" start="2026-01-16T09:26:38.280467" elapsed="3.649971">❌ Response time 3.590249s excede el máximo 3.0s</status>
</test>
<test id="s1-s1-t2" name="Verify Base URL Accessible" line="49">
<kw name="Setup API Test Case" owner="base" type="SETUP">
<kw name="Log" owner="BuiltIn">
<msg time="2026-01-16T09:26:41.932811" level="INFO">🧪 Ejecutando Test Case</msg>
<arg>🧪 Ejecutando Test Case</arg>
<arg>console=${TRUE}</arg>
<doc>Logs the given message with the given level.</doc>
<status status="PASS" start="2026-01-16T09:26:41.932390" elapsed="0.000595"/>
</kw>
<kw name="Run Keyword And Return Status" owner="BuiltIn">
<kw name="Session Exists" owner="RequestsLibrary">
<arg>${SESSION_ALIAS}</arg>
<doc>Return True if the session has been already created</doc>
<status status="PASS" start="2026-01-16T09:26:41.933594" elapsed="0.000173"/>
</kw>
<msg time="2026-01-16T09:26:41.933872" level="INFO">${session_exists} = True</msg>
<var>${session_exists}</var>
<arg>Session Exists</arg>
<arg>${SESSION_ALIAS}</arg>
<doc>Runs the specified keyword and returns the status as a Boolean value.</doc>
<status status="PASS" start="2026-01-16T09:26:41.933188" elapsed="0.000711"/>
</kw>
<kw name="Run Keyword If" owner="BuiltIn">
<arg>not ${session_exists}</arg>
<arg>Create API Session</arg>
<doc>Runs the given keyword with the given arguments, if ``condition`` is true.</doc>
<status status="PASS" start="2026-01-16T09:26:41.934053" elapsed="0.000448"/>
</kw>
<doc>Configuración inicial para cada test case
Verifica que la sesión esté activa</doc>
<status status="PASS" start="2026-01-16T09:26:41.932067" elapsed="0.002516"/>
</kw>
<kw name="Log" owner="BuiltIn">
<msg time="2026-01-16T09:26:41.938460" level="INFO">🌐 Verificando accesibilidad de https://api.restful-api.dev</msg>
<arg>🌐 Verificando accesibilidad de ${BASE_URL}</arg>
<arg>console=${TRUE}</arg>
<doc>Logs the given message with the given level.</doc>
<status status="PASS" start="2026-01-16T09:26:41.937934" elapsed="0.000710"/>
</kw>
<kw name="GET Request" owner="helpers">
<kw name="Log Request" owner="base">
<kw name="Log" owner="BuiltIn">
<msg time="2026-01-16T09:26:41.941206" level="INFO">📤 REQUEST:</msg>
<arg>📤 REQUEST:</arg>
<arg>console=${TRUE}</arg>
<doc>Logs the given message with the given level.</doc>
<status status="PASS" start="2026-01-16T09:26:41.940824" elapsed="0.000567"/>
</kw>
<kw name="Log" owner="BuiltIn">
<msg time="2026-01-16T09:26:41.942181" level="INFO">Method: GET</msg>
<arg>Method: ${method}</arg>
<arg>console=${TRUE}</arg>
<doc>Logs the given message with the given level.</doc>
<status status="PASS" start="2026-01-16T09:26:41.941541" elapsed="0.003310"/>
</kw>
<kw name="Log" owner="BuiltIn">
<msg time="2026-01-16T09:26:41.945908" level="INFO">Endpoint: /objects</msg>
<arg>Endpoint: ${endpoint}</arg>
<arg>console=${TRUE}</arg>
<doc>Logs the given message with the given level.</doc>
<status status="PASS" start="2026-01-16T09:26:41.945247" elapsed="0.001124"/>
</kw>
<kw name="Run Keyword If" owner="BuiltIn">
<arg>'${body}' != '${EMPTY}'</arg>
<arg>Log</arg>
<arg>Body: ${body}</arg>
<arg>console=${TRUE}</arg>
<doc>Runs the given keyword with the given arguments, if ``condition`` is true.</doc>
<status status="PASS" start="2026-01-16T09:26:41.946639" elapsed="0.002318"/>
</kw>
<arg>GET</arg>
<arg>${endpoint}</arg>
<doc>Registra detalles de la petición para debugging</doc>
<status status="PASS" start="2026-01-16T09:26:41.939421" elapsed="0.009668"/>
</kw>
<kw name="GET On Session" owner="RequestsLibrary">
<msg time="2026-01-16T09:26:43.588367" level="INFO">GET Request : url=https://api.restful-api.dev/objects 
 path_url=/objects 
 headers={'User-Agent': 'python-requests/2.32.5', 'Accept-Encoding': 'gzip, deflate, zstd', 'Accept': 'application/json', 'Connection': 'keep-alive', 'Content-Type': 'application/json'} 
 body=None 
 </msg>
<msg time="2026-01-16T09:26:43.588485" level="INFO">GET Response : url=https://api.restful-api.dev/objects 
 status=200, reason=OK 
 headers={'Date': 'Fri, 16 Jan 2026 12:26:43 GMT', 'Content-Type': 'application/json', 'Transfer-Encoding': 'chunked', 'Connection': 'keep-alive', 'Server': 'cloudflare', 'Nel': '{"report_to":"cf-nel","success_fraction":0.0,"max_age":604800}', 'Vary': 'Origin, Access-Control-Request-Method, Access-Control-Request-Headers', 'cf-cache-status': 'DYNAMIC', 'Report-To': '{"group":"cf-nel","max_age":604800,"endpoints":[{"url":"https://a.nel.cloudflare.com/report/v4?s=DY7OJuPlwKeETkYfT2kw8Ct%2BjBg9Fl5KF5Smf8HUaeFn2wsw%2BfQDBxRzVHEphyJIABZTpK4sYoitlaIVbG%2FBud5MkOdfV%2F87B4oykroIzqAN"}]}', 'Content-Encoding': 'zstd', 'CF-RAY': '9bed9a4b5a501e7f-EZE', 'alt-svc': 'h3=":443"; ma=86400'} 
 body=[{"id":"1","name":"Google Pixel 6 Pro","data":{"color":"Cloudy White","capacity":"128 GB"}},{"id":"2","name":"Apple iPhone 12 Mini, 256GB, Blue","data":null},{"id":"3","name":"Apple iPhone 12 Pro Max","data":{"color":"Cloudy White","capacity GB":512}},{"id":"4","name":"Apple iPhone 11, 64GB","data":{"price":389.99,"color":"Purple"}},{"id":"5","name":"Samsung Galaxy Z Fold2","data":{"price":689.99,"color":"Brown"}},{"id":"6","name":"Apple AirPods","data":{"generation":"3rd","price":120}},{"id":"7","name":"Apple MacBook Pro 16","data":{"year":2019,"price":1849.99,"CPU model":"Intel Core i9","Hard disk size":"1 TB"}},{"id":"8","name":"Apple Watch Series 8","data":{"Strap Colour":"Elderberry","Case Size":"41mm"}},{"id":"9","name":"Beats Studio3 Wireless","data":{"Color":"Red","Description":"High-performance wireless noise cancelling headphones"}},{"id":"10","name":"Apple iPad Mini 5th Gen","data":{"Capacity":"64 GB","Screen size":7.9}},{"id":"11","name":"Apple iPad Mini 5th Gen","data":{"Capacity":"254 GB","Screen size":7.9}},{"id":"12","name":"Apple iPad Air","data":{"Generation":"4th","Price":"419.99","Capacity":"64 GB"}},{"id":"13","name":"Apple iPad Air","data":{"Generation":"4th","Price":"519.99","Capacity":"256 GB"}}] 
 </msg>
<msg time="2026-01-16T09:26:43.588576" level="INFO">C:\Users\ValentinaBianchini\AppData\Local\Programs\Python\Python314\Lib\site-packages\urllib3\connectionpool.py:1097: InsecureRequestWarning: Unverified HTTPS request is being made to host 'api.restful-api.dev'. Adding certificate verification is strongly advised. See: https://urllib3.readthedocs.io/en/latest/advanced-usage.html#tls-warnings
  warnings.warn(</msg>
<msg time="2026-01-16T09:26:43.588950" level="INFO">${response} = &lt;Response [200]&gt;</msg>
<var>${response}</var>
<arg>${SESSION_ALIAS}</arg>
<arg>${endpoint}</arg>
<arg>expected_status=${expected_status}</arg>
<doc>Sends a GET request on a previously created HTTP Session.</doc>
<status status="PASS" start="2026-01-16T09:26:41.949288" elapsed="1.639737"/>
</kw>
<kw name="Log Response" owner="base">
<kw name="Log" owner="BuiltIn">
<msg time="2026-01-16T09:26:43.590491" level="INFO">📥 RESPONSE:</msg>
<arg>📥 RESPONSE:</arg>
<arg>console=${TRUE}</arg>
<doc>Logs the given message with the given level.</doc>
<status status="PASS" start="2026-01-16T09:26:43.590037" elapsed="0.000639"/>
</kw>
<kw name="Log" owner="BuiltIn">
<msg time="2026-01-16T09:26:43.592745" level="INFO">Status: 200</msg>
<arg>Status: ${response.status_code}</arg>
<arg>console=${TRUE}</arg>
<doc>Logs the given message with the given level.</doc>
<status status="PASS" start="2026-01-16T09:26:43.590839" elapsed="0.002218"/>
</kw>
<kw name="Log" owner="BuiltIn">
<msg time="2026-01-16T09:26:43.595390" level="INFO">Body: [{'id': '1', 'name': 'Google Pixel 6 Pro', 'data': {'color': 'Cloudy White', 'capacity': '128 GB'}}, {'id': '2', 'name': 'Apple iPhone 12 Mini, 256GB, Blue', 'data': None}, {'id': '3', 'name': 'Apple iPhone 12 Pro Max', 'data': {'color': 'Cloudy White', 'capacity GB': 512}}, {'id': '4', 'name': 'Apple iPhone 11, 64GB', 'data': {'price': 389.99, 'color': 'Purple'}}, {'id': '5', 'name': 'Samsung Galaxy Z Fold2', 'data': {'price': 689.99, 'color': 'Brown'}}, {'id': '6', 'name': 'Apple AirPods', 'data': {'generation': '3rd', 'price': 120}}, {'id': '7', 'name': 'Apple MacBook Pro 16', 'data': {'year': 2019, 'price': 1849.99, 'CPU model': 'Intel Core i9', 'Hard disk size': '1 TB'}}, {'id': '8', 'name': 'Apple Watch Series 8', 'data': {'Strap Colour': 'Elderberry', 'Case Size': '41mm'}}, {'id': '9', 'name': 'Beats Studio3 Wireless', 'data': {'Color': 'Red', 'Description': 'High-performance wireless noise cancelling headphones'}}, {'id': '10', 'name': 'Apple iPad Mini 5th Gen', 'data': {'Capacity': '64 GB', 'Screen size': 7.9}}, {'id': '11', 'name': 'Apple iPad Mini 5th Gen', 'data': {'Capacity': '254 GB', 'Screen size': 7.9}}, {'id': '12', 'name': 'Apple iPad Air', 'data': {'Generation': '4th', 'Price': '419.99', 'Capacity': '64 GB'}}, {'id': '13', 'name': 'Apple iPad Air', 'data': {'Generation': '4th', 'Price': '519.99', 'Capacity': '256 GB'}}]</msg>
<arg>Body: ${response.json()}</arg>
<arg>console=${TRUE}</arg>
<doc>Logs the given message with the given level.</doc>
<status status="PASS" start="2026-01-16T09:26:43.593258" elapsed="0.002528"/>
</kw>
<kw name="Log" owner="BuiltIn">
<msg time="2026-01-16T09:26:43.598104" level="INFO">Elapsed: 0:00:01.636834</msg>
<arg>Elapsed: ${response.elapsed}</arg>
<arg>console=${TRUE}</arg>
<doc>Logs the given message with the given level.</doc>
<status status="PASS" start="2026-01-16T09:26:43.595984" elapsed="0.002406"/>
</kw>
<arg>${response}</arg>
<doc>Registra detalles de la respuesta para debugging</doc>
<status status="PASS" start="2026-01-16T09:26:43.589582" elapsed="0.008951"/>
</kw>
<return>
<value>${response}</value>
<status status="PASS" start="2026-01-16T09:26:43.598626" elapsed="0.000088"/>
</return>
<msg time="2026-01-16T09:26:43.598938" level="INFO">${response} = &lt;Response [200]&gt;</msg>
<var>${response}</var>
<arg>${ENDPOINT_OBJECTS}</arg>
<doc>Realiza petición GET con logging y validación
Retorna objeto response completo</doc>
<status status="PASS" start="2026-01-16T09:26:41.938952" elapsed="1.660019"/>
</kw>
<kw name="Should Be Equal As Integers" owner="BuiltIn">
<msg time="2026-01-16T09:26:43.600914" level="INFO">Argument types are:
&lt;class 'int'&gt;
&lt;class 'str'&gt;</msg>
<arg>${response.status_code}</arg>
<arg>${HTTP_200_OK}</arg>
<doc>Fails if objects are unequal after converting them to integers.</doc>
<status status="PASS" start="2026-01-16T09:26:43.599267" elapsed="0.001749"/>
</kw>
<kw name="Should Contain" owner="BuiltIn">
<arg>${response.headers}[Content-Type]</arg>
<arg>${CONTENT_TYPE_JSON}</arg>
<doc>Fails if ``container`` does not contain ``item`` one or more times.</doc>
<status status="PASS" start="2026-01-16T09:26:43.601362" elapsed="0.001613"/>
</kw>
<kw name="Log" owner="BuiltIn">
<msg time="2026-01-16T09:26:43.603600" level="INFO">✅ Base URL es accesible</msg>
<arg>✅ Base URL es accesible</arg>
<arg>console=${TRUE}</arg>
<doc>Logs the given message with the given level.</doc>
<status status="PASS" start="2026-01-16T09:26:43.603247" elapsed="0.000653"/>
</kw>
<kw name="Teardown API Test Case" owner="base" type="TEARDOWN">
<kw name="Log" owner="BuiltIn">
<msg time="2026-01-16T09:26:43.605101" level="INFO">✅ Test Case completado</msg>
<arg>✅ Test Case completado</arg>
<arg>console=${TRUE}</arg>
<doc>Logs the given message with the given level.</doc>
<status status="PASS" start="2026-01-16T09:26:43.604747" elapsed="0.000814"/>
</kw>
<doc>Limpieza después de cada test case
Registra resultado y limpia datos temporales</doc>
<status status="PASS" start="2026-01-16T09:26:43.604398" elapsed="0.001274"/>
</kw>
<doc>✅ Verifica que la URL base de la API sea accesible

Valida:
- Conexión exitosa
- Headers de respuesta correctos
- Content-Type válido</doc>
<tag>connectivity</tag>
<tag>critical</tag>
<tag>p0</tag>
<tag>quick</tag>
<tag>smoke</tag>
<status status="PASS" start="2026-01-16T09:26:41.931311" elapsed="1.674519"/>
</test>
<test id="s1-s1-t3" name="List All Objects Returns Data" line="68">
<kw name="Setup API Test Case" owner="base" type="SETUP">
<kw name="Log" owner="BuiltIn">
<msg time="2026-01-16T09:26:43.608012" level="INFO">🧪 Ejecutando Test Case</msg>
<arg>🧪 Ejecutando Test Case</arg>
<arg>console=${TRUE}</arg>
<doc>Logs the given message with the given level.</doc>
<status status="PASS" start="2026-01-16T09:26:43.607621" elapsed="0.000650"/>
</kw>
<kw name="Run Keyword And Return Status" owner="BuiltIn">
<kw name="Session Exists" owner="RequestsLibrary">
<arg>${SESSION_ALIAS}</arg>
<doc>Return True if the session has been already created</doc>
<status status="PASS" start="2026-01-16T09:26:43.608886" elapsed="0.000114"/>
</kw>
<msg time="2026-01-16T09:26:43.609071" level="INFO">${session_exists} = True</msg>
<var>${session_exists}</var>
<arg>Session Exists</arg>
<arg>${SESSION_ALIAS}</arg>
<doc>Runs the specified keyword and returns the status as a Boolean value.</doc>
<status status="PASS" start="2026-01-16T09:26:43.608532" elapsed="0.000558"/>
</kw>
<kw name="Run Keyword If" owner="BuiltIn">
<arg>not ${session_exists}</arg>
<arg>Create API Session</arg>
<doc>Runs the given keyword with the given arguments, if ``condition`` is true.</doc>
<status status="PASS" start="2026-01-16T09:26:43.609178" elapsed="0.000248"/>
</kw>
<doc>Configuración inicial para cada test case
Verifica que la sesión esté activa</doc>
<status status="PASS" start="2026-01-16T09:26:43.607300" elapsed="0.002190"/>
</kw>
<kw name="Log" owner="BuiltIn">
<msg time="2026-01-16T09:26:43.610228" level="INFO">📋 Obteniendo lista de todos los objetos</msg>
<arg>📋 Obteniendo lista de todos los objetos</arg>
<arg>console=${TRUE}</arg>
<doc>Logs the given message with the given level.</doc>
<status status="PASS" start="2026-01-16T09:26:43.609857" elapsed="0.005086"/>
</kw>
<kw name="GET Request" owner="helpers">
<kw name="Log Request" owner="base">
<kw name="Log" owner="BuiltIn">
<msg time="2026-01-16T09:26:43.618793" level="INFO">📤 REQUEST:</msg>
<arg>📤 REQUEST:</arg>
<arg>console=${TRUE}</arg>
<doc>Logs the given message with the given level.</doc>
<status status="PASS" start="2026-01-16T09:26:43.618385" elapsed="0.000687"/>
</kw>
<kw name="Log" owner="BuiltIn">
<msg time="2026-01-16T09:26:43.619583" level="INFO">Method: GET</msg>
<arg>Method: ${method}</arg>
<arg>console=${TRUE}</arg>
<doc>Logs the given message with the given level.</doc>
<status status="PASS" start="2026-01-16T09:26:43.619231" elapsed="0.000550"/>
</kw>
<kw name="Log" owner="BuiltIn">
<msg time="2026-01-16T09:26:43.620215" level="INFO">Endpoint: /objects</msg>
<arg>Endpoint: ${endpoint}</arg>
<arg>console=${TRUE}</arg>
<doc>Logs the given message with the given level.</doc>
<status status="PASS" start="2026-01-16T09:26:43.619912" elapsed="0.000474"/>
</kw>
<kw name="Run Keyword If" owner="BuiltIn">
<arg>'${body}' != '${EMPTY}'</arg>
<arg>Log</arg>
<arg>Body: ${body}</arg>
<arg>console=${TRUE}</arg>
<doc>Runs the given keyword with the given arguments, if ``condition`` is true.</doc>
<status status="PASS" start="2026-01-16T09:26:43.620527" elapsed="0.001448"/>
</kw>
<arg>GET</arg>
<arg>${endpoint}</arg>
<doc>Registra detalles de la petición para debugging</doc>
<status status="PASS" start="2026-01-16T09:26:43.616931" elapsed="0.005139"/>
</kw>
<kw name="GET On Session" owner="RequestsLibrary">
<msg time="2026-01-16T09:26:44.960468" level="INFO">GET Request : url=https://api.restful-api.dev/objects 
 path_url=/objects 
 headers={'User-Agent': 'python-requests/2.32.5', 'Accept-Encoding': 'gzip, deflate, zstd', 'Accept': 'application/json', 'Connection': 'keep-alive', 'Content-Type': 'application/json'} 
 body=None 
 </msg>
<msg time="2026-01-16T09:26:44.960633" level="INFO">GET Response : url=https://api.restful-api.dev/objects 
 status=200, reason=OK 
 headers={'Date': 'Fri, 16 Jan 2026 12:26:44 GMT', 'Content-Type': 'application/json', 'Transfer-Encoding': 'chunked', 'Connection': 'keep-alive', 'Server': 'cloudflare', 'Nel': '{"report_to":"cf-nel","success_fraction":0.0,"max_age":604800}', 'Vary': 'Origin, Access-Control-Request-Method, Access-Control-Request-Headers', 'cf-cache-status': 'DYNAMIC', 'Report-To': '{"group":"cf-nel","max_age":604800,"endpoints":[{"url":"https://a.nel.cloudflare.com/report/v4?s=%2FoqTFt7WAoD1%2FBASmB1%2BPZZxQckGomLIPymk2AYCLuPYNMA6YiGi3wZ65TWxvtMN%2F8p8sAyD5vaFOxthoLxL2pXjq2gu3dWEehZoVw0E1oTY"}]}', 'Content-Encoding': 'zstd', 'CF-RAY': '9bed9a5788931e7f-EZE', 'alt-svc': 'h3=":443"; ma=86400'} 
 body=[{"id":"1","name":"Google Pixel 6 Pro","data":{"color":"Cloudy White","capacity":"128 GB"}},{"id":"2","name":"Apple iPhone 12 Mini, 256GB, Blue","data":null},{"id":"3","name":"Apple iPhone 12 Pro Max","data":{"color":"Cloudy White","capacity GB":512}},{"id":"4","name":"Apple iPhone 11, 64GB","data":{"price":389.99,"color":"Purple"}},{"id":"5","name":"Samsung Galaxy Z Fold2","data":{"price":689.99,"color":"Brown"}},{"id":"6","name":"Apple AirPods","data":{"generation":"3rd","price":120}},{"id":"7","name":"Apple MacBook Pro 16","data":{"year":2019,"price":1849.99,"CPU model":"Intel Core i9","Hard disk size":"1 TB"}},{"id":"8","name":"Apple Watch Series 8","data":{"Strap Colour":"Elderberry","Case Size":"41mm"}},{"id":"9","name":"Beats Studio3 Wireless","data":{"Color":"Red","Description":"High-performance wireless noise cancelling headphones"}},{"id":"10","name":"Apple iPad Mini 5th Gen","data":{"Capacity":"64 GB","Screen size":7.9}},{"id":"11","name":"Apple iPad Mini 5th Gen","data":{"Capacity":"254 GB","Screen size":7.9}},{"id":"12","name":"Apple iPad Air","data":{"Generation":"4th","Price":"419.99","Capacity":"64 GB"}},{"id":"13","name":"Apple iPad Air","data":{"Generation":"4th","Price":"519.99","Capacity":"256 GB"}}] 
 </msg>
<msg time="2026-01-16T09:26:44.960797" level="INFO">C:\Users\ValentinaBianchini\AppData\Local\Programs\Python\Python314\Lib\site-packages\urllib3\connectionpool.py:1097: InsecureRequestWarning: Unverified HTTPS request is being made to host 'api.restful-api.dev'. Adding certificate verification is strongly advised. See: https://urllib3.readthedocs.io/en/latest/advanced-usage.html#tls-warnings
  warnings.warn(</msg>
<msg time="2026-01-16T09:26:44.961220" level="INFO">${response} = &lt;Response [200]&gt;</msg>
<var>${response}</var>
<arg>${SESSION_ALIAS}</arg>
<arg>${endpoint}</arg>
<arg>expected_status=${expected_status}</arg>
<doc>Sends a GET request on a previously created HTTP Session.</doc>
<status status="PASS" start="2026-01-16T09:26:43.622212" elapsed="1.339065"/>
</kw>
<kw name="Log Response" owner="base">
<kw name="Log" owner="BuiltIn">
<msg time="2026-01-16T09:26:44.962525" level="INFO">📥 RESPONSE:</msg>
<arg>📥 RESPONSE:</arg>
<arg>console=${TRUE}</arg>
<doc>Logs the given message with the given level.</doc>
<status status="PASS" start="2026-01-16T09:26:44.962040" elapsed="0.000691"/>
</kw>
<kw name="Log" owner="BuiltIn">
<msg time="2026-01-16T09:26:44.964020" level="INFO">Status: 200</msg>
<arg>Status: ${response.status_code}</arg>
<arg>console=${TRUE}</arg>
<doc>Logs the given message with the given level.</doc>
<status status="PASS" start="2026-01-16T09:26:44.962903" elapsed="0.001253"/>
</kw>
<kw name="Log" owner="BuiltIn">
<msg time="2026-01-16T09:26:44.965800" level="INFO">Body: [{'id': '1', 'name': 'Google Pixel 6 Pro', 'data': {'color': 'Cloudy White', 'capacity': '128 GB'}}, {'id': '2', 'name': 'Apple iPhone 12 Mini, 256GB, Blue', 'data': None}, {'id': '3', 'name': 'Apple iPhone 12 Pro Max', 'data': {'color': 'Cloudy White', 'capacity GB': 512}}, {'id': '4', 'name': 'Apple iPhone 11, 64GB', 'data': {'price': 389.99, 'color': 'Purple'}}, {'id': '5', 'name': 'Samsung Galaxy Z Fold2', 'data': {'price': 689.99, 'color': 'Brown'}}, {'id': '6', 'name': 'Apple AirPods', 'data': {'generation': '3rd', 'price': 120}}, {'id': '7', 'name': 'Apple MacBook Pro 16', 'data': {'year': 2019, 'price': 1849.99, 'CPU model': 'Intel Core i9', 'Hard disk size': '1 TB'}}, {'id': '8', 'name': 'Apple Watch Series 8', 'data': {'Strap Colour': 'Elderberry', 'Case Size': '41mm'}}, {'id': '9', 'name': 'Beats Studio3 Wireless', 'data': {'Color': 'Red', 'Description': 'High-performance wireless noise cancelling headphones'}}, {'id': '10', 'name': 'Apple iPad Mini 5th Gen', 'data': {'Capacity': '64 GB', 'Screen size': 7.9}}, {'id': '11', 'name': 'Apple iPad Mini 5th Gen', 'data': {'Capacity': '254 GB', 'Screen size': 7.9}}, {'id': '12', 'name': 'Apple iPad Air', 'data': {'Generation': '4th', 'Price': '419.99', 'Capacity': '64 GB'}}, {'id': '13', 'name': 'Apple iPad Air', 'data': {'Generation': '4th', 'Price': '519.99', 'Capacity': '256 GB'}}]</msg>
<arg>Body: ${response.json()}</arg>
<arg>console=${TRUE}</arg>
<doc>Logs the given message with the given level.</doc>
<status status="PASS" start="2026-01-16T09:26:44.964271" elapsed="0.001913"/>
</kw>
<kw name="Log" owner="BuiltIn">
<msg time="2026-01-16T09:26:44.968547" level="INFO">Elapsed: 0:00:01.323840</msg>
<arg>Elapsed: ${response.elapsed}</arg>
<arg>console=${TRUE}</arg>
<doc>Logs the given message with the given level.</doc>
<status status="PASS" start="2026-01-16T09:26:44.966617" elapsed="0.002200"/>
</kw>
<arg>${response}</arg>
<doc>Registra detalles de la respuesta para debugging</doc>
<status status="PASS" start="2026-01-16T09:26:44.961576" elapsed="0.007368"/>
</kw>
<return>
<value>${response}</value>
<status status="PASS" start="2026-01-16T09:26:44.969014" elapsed="0.000058"/>
</return>
<msg time="2026-01-16T09:26:44.969269" level="INFO">${response} = &lt;Response [200]&gt;</msg>
<var>${response}</var>
<arg>${ENDPOINT_OBJECTS}</arg>
<doc>Realiza petición GET con logging y validación
Retorna objeto response completo</doc>
<status status="PASS" start="2026-01-16T09:26:43.616195" elapsed="1.353111"/>
</kw>
<kw name="Validate Response Is List" owner="helpers">
<kw name="Set Variable" owner="BuiltIn">
<msg time="2026-01-16T09:26:44.972154" level="INFO">${json} = [{'id': '1', 'name': 'Google Pixel 6 Pro', 'data': {'color': 'Cloudy White', 'capacity': '128 GB'}}, {'id': '2', 'name': 'Apple iPhone 12 Mini, 256GB, Blue', 'data': None}, {'id': '3', 'name': 'Apple ...</msg>
<var>${json}</var>
<arg>${response.json()}</arg>
<doc>Returns the given values which can then be assigned to a variables.</doc>
<status status="PASS" start="2026-01-16T09:26:44.970190" elapsed="0.002004"/>
</kw>
<kw name="Evaluate" owner="BuiltIn">
<msg time="2026-01-16T09:26:44.972772" level="INFO">${is_list} = True</msg>
<var>${is_list}</var>
<arg>isinstance($json, list)</arg>
<doc>Evaluates the given expression in Python and returns the result.</doc>
<status status="PASS" start="2026-01-16T09:26:44.972334" elapsed="0.000469"/>
</kw>
<kw name="Should Be True" owner="BuiltIn">
<arg>${is_list}</arg>
<arg>msg=❌ Response no es una lista</arg>
<doc>Fails if the given condition is not true.</doc>
<status status="PASS" start="2026-01-16T09:26:44.972932" elapsed="0.000346"/>
</kw>
<kw name="Get Length" owner="BuiltIn">
<msg time="2026-01-16T09:26:44.973701" level="INFO">Length is 13.</msg>
<msg time="2026-01-16T09:26:44.973786" level="INFO">${length} = 13</msg>
<var>${length}</var>
<arg>${json}</arg>
<doc>Returns and logs the length of the given item as an integer.</doc>
<status status="PASS" start="2026-01-16T09:26:44.973406" elapsed="0.000408"/>
</kw>
<kw name="Should Be True" owner="BuiltIn">
<arg>${length} &gt;= ${min_length}</arg>
<arg>msg=❌ Lista tiene ${length} elementos, se esperaban al menos ${min_length}</arg>
<doc>Fails if the given condition is not true.</doc>
<status status="PASS" start="2026-01-16T09:26:44.973930" elapsed="0.000490"/>
</kw>
<kw name="Log" owner="BuiltIn">
<msg time="2026-01-16T09:26:44.974890" level="INFO">✅ Response es lista con 13 elementos</msg>
<arg>✅ Response es lista con ${length} elementos</arg>
<arg>console=${TRUE}</arg>
<doc>Logs the given message with the given level.</doc>
<status status="PASS" start="2026-01-16T09:26:44.974548" elapsed="0.000511"/>
</kw>
<arg>${response}</arg>
<arg>${MIN_OBJECTS_IN_LIST}</arg>
<doc>Valida que la respuesta sea una lista
Verifica tipo de dato y opcionalmente longitud mínima</doc>
<status status="PASS" start="2026-01-16T09:26:44.969734" elapsed="0.005398"/>
</kw>
<kw name="Set Variable" owner="BuiltIn">
<msg time="2026-01-16T09:26:44.977232" level="INFO">${first_object} = {'id': '1', 'name': 'Google Pixel 6 Pro', 'data': {'color': 'Cloudy White', 'capacity': '128 GB'}}</msg>
<var>${first_object}</var>
<arg>${response.json()[0]}</arg>
<doc>Returns the given values which can then be assigned to a variables.</doc>
<status status="PASS" start="2026-01-16T09:26:44.975387" elapsed="0.001890"/>
</kw>
<kw name="Validate Dictionary Has Keys" owner="helpers">
<for flavor="IN">
<iter>
<kw name="Dictionary Should Contain Key" owner="Collections">
<arg>${dictionary}</arg>
<arg>${key}</arg>
<arg>msg=❌ Clave '${key}' no encontrada en response</arg>
<doc>Fails if ``key`` is not found from ``dictionary``.</doc>
<status status="PASS" start="2026-01-16T09:26:44.978527" elapsed="0.000331"/>
</kw>
<kw name="Log" owner="BuiltIn">
<msg time="2026-01-16T09:26:44.979421" level="INFO">✅ Clave 'id' encontrada</msg>
<arg>✅ Clave '${key}' encontrada</arg>
<arg>console=${TRUE}</arg>
<doc>Logs the given message with the given level.</doc>
<status status="PASS" start="2026-01-16T09:26:44.979014" elapsed="0.000634"/>
</kw>
<var name="${key}">id</var>
<status status="PASS" start="2026-01-16T09:26:44.978372" elapsed="0.001332"/>
</iter>
<iter>
<kw name="Dictionary Should Contain Key" owner="Collections">
<arg>${dictionary}</arg>
<arg>${key}</arg>
<arg>msg=❌ Clave '${key}' no encontrada en response</arg>
<doc>Fails if ``key`` is not found from ``dictionary``.</doc>
<status status="PASS" start="2026-01-16T09:26:44.979947" elapsed="0.000283"/>
</kw>
<kw name="Log" owner="BuiltIn">
<msg time="2026-01-16T09:26:44.980845" level="INFO">✅ Clave 'name' encontrada</msg>
<arg>✅ Clave '${key}' encontrada</arg>
<arg>console=${TRUE}</arg>
<doc>Logs the given message with the given level.</doc>
<status status="PASS" start="2026-01-16T09:26:44.980426" elapsed="0.001127"/>
</kw>
<var name="${key}">name</var>
<status status="PASS" start="2026-01-16T09:26:44.979838" elapsed="0.001808"/>
</iter>
<iter>
<kw name="Dictionary Should Contain Key" owner="Collections">
<arg>${dictionary}</arg>
<arg>${key}</arg>
<arg>msg=❌ Clave '${key}' no encontrada en response</arg>
<doc>Fails if ``key`` is not found from ``dictionary``.</doc>
<status status="PASS" start="2026-01-16T09:26:44.982332" elapsed="0.000387"/>
</kw>
<kw name="Log" owner="BuiltIn">
<msg time="2026-01-16T09:26:44.983349" level="INFO">✅ Clave 'data' encontrada</msg>
<arg>✅ Clave '${key}' encontrada</arg>
<arg>console=${TRUE}</arg>
<doc>Logs the given message with the given level.</doc>
<status status="PASS" start="2026-01-16T09:26:44.982897" elapsed="0.000710"/>
</kw>
<var name="${key}">data</var>
<status status="PASS" start="2026-01-16T09:26:44.981974" elapsed="0.001687"/>
</iter>
<var>${key}</var>
<value>@{required_keys}</value>
<status status="PASS" start="2026-01-16T09:26:44.978156" elapsed="0.005547"/>
</for>
<arg>${first_object}</arg>
<arg>id</arg>
<arg>name</arg>
<arg>data</arg>
<doc>Valida que un diccionario contenga las claves especificadas
Acepta lista de claves requeridas</doc>
<status status="PASS" start="2026-01-16T09:26:44.977775" elapsed="0.006003"/>
</kw>
<kw name="Get Length" owner="BuiltIn">
<msg time="2026-01-16T09:26:44.985736" level="INFO">Length is 13.</msg>
<msg time="2026-01-16T09:26:44.985841" level="INFO">${count} = 13</msg>
<var>${count}</var>
<arg>${response.json()}</arg>
<doc>Returns and logs the length of the given item as an integer.</doc>
<status status="PASS" start="2026-01-16T09:26:44.984015" elapsed="0.001850"/>
</kw>
<kw name="Log" owner="BuiltIn">
<msg time="2026-01-16T09:26:44.986585" level="INFO">📊 Total de objetos: 13</msg>
<arg>📊 Total de objetos: ${count}</arg>
<arg>console=${TRUE}</arg>
<doc>Logs the given message with the given level.</doc>
<status status="PASS" start="2026-01-16T09:26:44.986170" elapsed="0.000634"/>
</kw>
<kw name="Log" owner="BuiltIn">
<msg time="2026-01-16T09:26:44.987433" level="INFO">✅ Lista de objetos obtenida correctamente</msg>
<arg>✅ Lista de objetos obtenida correctamente</arg>
<arg>console=${TRUE}</arg>
<doc>Logs the given message with the given level.</doc>
<status status="PASS" start="2026-01-16T09:26:44.987074" elapsed="0.000510"/>
</kw>
<kw name="Teardown API Test Case" owner="base" type="TEARDOWN">
<kw name="Log" owner="BuiltIn">
<msg time="2026-01-16T09:26:44.989001" level="INFO">✅ Test Case completado</msg>
<arg>✅ Test Case completado</arg>
<arg>console=${TRUE}</arg>
<doc>Logs the given message with the given level.</doc>
<status status="PASS" start="2026-01-16T09:26:44.988724" elapsed="0.000475"/>
</kw>
<doc>Limpieza después de cada test case
Registra resultado y limpia datos temporales</doc>
<status status="PASS" start="2026-01-16T09:26:44.988367" elapsed="0.000912"/>
</kw>
<doc>✅ Verifica que GET /objects retorne lista de objetos

Valida:
- Status 200
- Response es array
- Array contiene al menos 10 objetos
- Cada objeto tiene estructura válida</doc>
<tag>critical</tag>
<tag>list</tag>
<tag>p0</tag>
<tag>quick</tag>
<tag>smoke</tag>
<status status="PASS" start="2026-01-16T09:26:43.606586" elapsed="1.382818"/>
</test>
<test id="s1-s1-t4" name="Get Single Object By ID" line="95">
<kw name="Setup API Test Case" owner="base" type="SETUP">
<kw name="Log" owner="BuiltIn">
<msg time="2026-01-16T09:26:44.991169" level="INFO">🧪 Ejecutando Test Case</msg>
<arg>🧪 Ejecutando Test Case</arg>
<arg>console=${TRUE}</arg>
<doc>Logs the given message with the given level.</doc>
<status status="PASS" start="2026-01-16T09:26:44.990813" elapsed="0.000545"/>
</kw>
<kw name="Run Keyword And Return Status" owner="BuiltIn">
<kw name="Session Exists" owner="RequestsLibrary">
<arg>${SESSION_ALIAS}</arg>
<doc>Return True if the session has been already created</doc>
<status status="PASS" start="2026-01-16T09:26:44.991856" elapsed="0.000141"/>
</kw>
<msg time="2026-01-16T09:26:44.992092" level="INFO">${session_exists} = True</msg>
<var>${session_exists}</var>
<arg>Session Exists</arg>
<arg>${SESSION_ALIAS}</arg>
<doc>Runs the specified keyword and returns the status as a Boolean value.</doc>
<status status="PASS" start="2026-01-16T09:26:44.991522" elapsed="0.000595"/>
</kw>
<kw name="Run Keyword If" owner="BuiltIn">
<arg>not ${session_exists}</arg>
<arg>Create API Session</arg>
<doc>Runs the given keyword with the given arguments, if ``condition`` is true.</doc>
<status status="PASS" start="2026-01-16T09:26:44.992233" elapsed="0.000340"/>
</kw>
<doc>Configuración inicial para cada test case
Verifica que la sesión esté activa</doc>
<status status="PASS" start="2026-01-16T09:26:44.990520" elapsed="0.002122"/>
</kw>
<kw name="Log" owner="BuiltIn">
<msg time="2026-01-16T09:26:44.993311" level="INFO">🔍 Obteniendo objeto con ID: 1</msg>
<arg>🔍 Obteniendo objeto con ID: ${OBJECT_ID_1}</arg>
<arg>console=${TRUE}</arg>
<doc>Logs the given message with the given level.</doc>
<status status="PASS" start="2026-01-16T09:26:44.992952" elapsed="0.000529"/>
</kw>
<kw name="Set Variable" owner="BuiltIn">
<msg time="2026-01-16T09:26:44.994145" level="INFO">${endpoint} = /objects/1</msg>
<var>${endpoint}</var>
<arg>${ENDPOINT_OBJECTS}/${OBJECT_ID_1}</arg>
<doc>Returns the given values which can then be assigned to a variables.</doc>
<status status="PASS" start="2026-01-16T09:26:44.993706" elapsed="0.000474"/>
</kw>
<kw name="GET Request" owner="helpers">
<kw name="Log Request" owner="base">
<kw name="Log" owner="BuiltIn">
<msg time="2026-01-16T09:26:44.997746" level="INFO">📤 REQUEST:</msg>
<arg>📤 REQUEST:</arg>
<arg>console=${TRUE}</arg>
<doc>Logs the given message with the given level.</doc>
<status status="PASS" start="2026-01-16T09:26:44.997044" elapsed="0.001032"/>
</kw>
<kw name="Log" owner="BuiltIn">
<msg time="2026-01-16T09:26:44.999115" level="INFO">Method: GET</msg>
<arg>Method: ${method}</arg>
<arg>console=${TRUE}</arg>
<doc>Logs the given message with the given level.</doc>
<status status="PASS" start="2026-01-16T09:26:44.998407" elapsed="0.000924"/>
</kw>
<kw name="Log" owner="BuiltIn">
<msg time="2026-01-16T09:26:44.999988" level="INFO">Endpoint: /objects/1</msg>
<arg>Endpoint: ${endpoint}</arg>
<arg>console=${TRUE}</arg>
<doc>Logs the given message with the given level.</doc>
<status status="PASS" start="2026-01-16T09:26:44.999547" elapsed="0.000613"/>
</kw>
<kw name="Run Keyword If" owner="BuiltIn">
<arg>'${body}' != '${EMPTY}'</arg>
<arg>Log</arg>
<arg>Body: ${body}</arg>
<arg>console=${TRUE}</arg>
<doc>Runs the given keyword with the given arguments, if ``condition`` is true.</doc>
<status status="PASS" start="2026-01-16T09:26:45.000360" elapsed="0.001626"/>
</kw>
<arg>GET</arg>
<arg>${endpoint}</arg>
<doc>Registra detalles de la petición para debugging</doc>
<status status="PASS" start="2026-01-16T09:26:44.995004" elapsed="0.007050"/>
</kw>
<kw name="GET On Session" owner="RequestsLibrary">
<msg time="2026-01-16T09:26:46.801753" level="INFO">GET Request : url=https://api.restful-api.dev/objects/1 
 path_url=/objects/1 
 headers={'User-Agent': 'python-requests/2.32.5', 'Accept-Encoding': 'gzip, deflate, zstd', 'Accept': 'application/json', 'Connection': 'keep-alive', 'Content-Type': 'application/json'} 
 body=None 
 </msg>
<msg time="2026-01-16T09:26:46.801943" level="INFO">GET Response : url=https://api.restful-api.dev/objects/1 
 status=200, reason=OK 
 headers={'Date': 'Fri, 16 Jan 2026 12:26:46 GMT', 'Content-Type': 'application/json', 'Transfer-Encoding': 'chunked', 'Connection': 'keep-alive', 'Server': 'cloudflare', 'Nel': '{"report_to":"cf-nel","success_fraction":0.0,"max_age":604800}', 'Vary': 'Origin, Access-Control-Request-Method, Access-Control-Request-Headers', 'cf-cache-status': 'DYNAMIC', 'Report-To': '{"group":"cf-nel","max_age":604800,"endpoints":[{"url":"https://a.nel.cloudflare.com/report/v4?s=Q2oCPLklg6d8YhLG57l0IsAE2wlTcrFpgb4Eej5nDcFbGADwNGwEK93Ak%2F0u34zEURPyshu%2FQ52mbxAsRWCoIQCOvmP0%2FDLTH3cKm5YdzA5l"}]}', 'Content-Encoding': 'zstd', 'CF-RAY': '9bed9a5e7c3f1e7f-EZE', 'alt-svc': 'h3=":443"; ma=86400'} 
 body={"id":"1","name":"Google Pixel 6 Pro","data":{"color":"Cloudy White","capacity":"128 GB"}} 
 </msg>
<msg time="2026-01-16T09:26:46.802114" level="INFO">C:\Users\ValentinaBianchini\AppData\Local\Programs\Python\Python314\Lib\site-packages\urllib3\connectionpool.py:1097: InsecureRequestWarning: Unverified HTTPS request is being made to host 'api.restful-api.dev'. Adding certificate verification is strongly advised. See: https://urllib3.readthedocs.io/en/latest/advanced-usage.html#tls-warnings
  warnings.warn(</msg>
<msg time="2026-01-16T09:26:46.802475" level="INFO">${response} = &lt;Response [200]&gt;</msg>
<var>${response}</var>
<arg>${SESSION_ALIAS}</arg>
<arg>${endpoint}</arg>
<arg>expected_status=${expected_status}</arg>
<doc>Sends a GET request on a previously created HTTP Session.</doc>
<status status="PASS" start="2026-01-16T09:26:45.002154" elapsed="1.800380"/>
</kw>
<kw name="Log Response" owner="base">
<kw name="Log" owner="BuiltIn">
<msg time="2026-01-16T09:26:46.803578" level="INFO">📥 RESPONSE:</msg>
<arg>📥 RESPONSE:</arg>
<arg>console=${TRUE}</arg>
<doc>Logs the given message with the given level.</doc>
<status status="PASS" start="2026-01-16T09:26:46.803246" elapsed="0.000589"/>
</kw>
<kw name="Log" owner="BuiltIn">
<msg time="2026-01-16T09:26:46.806002" level="INFO">Status: 200</msg>
<arg>Status: ${response.status_code}</arg>
<arg>console=${TRUE}</arg>
<doc>Logs the given message with the given level.</doc>
<status status="PASS" start="2026-01-16T09:26:46.804044" elapsed="0.002239"/>
</kw>
<kw name="Log" owner="BuiltIn">
<msg time="2026-01-16T09:26:46.807713" level="INFO">Body: {'id': '1', 'name': 'Google Pixel 6 Pro', 'data': {'color': 'Cloudy White', 'capacity': '128 GB'}}</msg>
<arg>Body: ${response.json()}</arg>
<arg>console=${TRUE}</arg>
<doc>Logs the given message with the given level.</doc>
<status status="PASS" start="2026-01-16T09:26:46.806481" elapsed="0.001487"/>
</kw>
<kw name="Log" owner="BuiltIn">
<msg time="2026-01-16T09:26:46.810804" level="INFO">Elapsed: 0:00:01.790161</msg>
<arg>Elapsed: ${response.elapsed}</arg>
<arg>console=${TRUE}</arg>
<doc>Logs the given message with the given level.</doc>
<status status="PASS" start="2026-01-16T09:26:46.808447" elapsed="0.002588"/>
</kw>
<arg>${response}</arg>
<doc>Registra detalles de la respuesta para debugging</doc>
<status status="PASS" start="2026-01-16T09:26:46.802889" elapsed="0.008258"/>
</kw>
<return>
<value>${response}</value>
<status status="PASS" start="2026-01-16T09:26:46.811216" elapsed="0.000054"/>
</return>
<msg time="2026-01-16T09:26:46.811438" level="INFO">${response} = &lt;Response [200]&gt;</msg>
<var>${response}</var>
<arg>${endpoint}</arg>
<doc>Realiza petición GET con logging y validación
Retorna objeto response completo</doc>
<status status="PASS" start="2026-01-16T09:26:44.994476" elapsed="1.816993"/>
</kw>
<kw name="Validate Status Code" owner="helpers">
<kw name="Should Be Equal As Integers" owner="BuiltIn">
<msg time="2026-01-16T09:26:46.815536" level="INFO">Argument types are:
&lt;class 'int'&gt;
&lt;class 'str'&gt;</msg>
<arg>${response.status_code}</arg>
<arg>${expected_status}</arg>
<arg>msg=❌ Status code esperado: ${expected_status}, recibido: ${response.status_code}</arg>
<doc>Fails if objects are unequal after converting them to integers.</doc>
<status status="PASS" start="2026-01-16T09:26:46.812274" elapsed="0.003386"/>
</kw>
<kw name="Log" owner="BuiltIn">
<msg time="2026-01-16T09:26:46.816319" level="INFO">✅ Status code válido: 200</msg>
<arg>✅ Status code válido: ${expected_status}</arg>
<arg>console=${TRUE}</arg>
<doc>Logs the given message with the given level.</doc>
<status status="PASS" start="2026-01-16T09:26:46.815870" elapsed="0.000801"/>
</kw>
<arg>${response}</arg>
<arg>${HTTP_200_OK}</arg>
<doc>Valida que el status code sea el esperado
Muestra mensaje descriptivo en caso de error</doc>
<status status="PASS" start="2026-01-16T09:26:46.811865" elapsed="0.004905"/>
</kw>
<kw name="Validate Response Is Dictionary" owner="helpers">
<kw name="Set Variable" owner="BuiltIn">
<msg time="2026-01-16T09:26:46.819169" level="INFO">${json} = {'id': '1', 'name': 'Google Pixel 6 Pro', 'data': {'color': 'Cloudy White', 'capacity': '128 GB'}}</msg>
<var>${json}</var>
<arg>${response.json()}</arg>
<doc>Returns the given values which can then be assigned to a variables.</doc>
<status status="PASS" start="2026-01-16T09:26:46.817506" elapsed="0.001694"/>
</kw>
<kw name="Evaluate" owner="BuiltIn">
<msg time="2026-01-16T09:26:46.819695" level="INFO">${is_dict} = True</msg>
<var>${is_dict}</var>
<arg>isinstance($json, dict)</arg>
<doc>Evaluates the given expression in Python and returns the result.</doc>
<status status="PASS" start="2026-01-16T09:26:46.819323" elapsed="0.000399"/>
</kw>
<kw name="Should Be True" owner="BuiltIn">
<arg>${is_dict}</arg>
<arg>msg=❌ Response no es un objeto</arg>
<doc>Fails if the given condition is not true.</doc>
<status status="PASS" start="2026-01-16T09:26:46.819834" elapsed="0.000257"/>
</kw>
<kw name="Log" owner="BuiltIn">
<msg time="2026-01-16T09:26:46.820417" level="INFO">✅ Response es objeto válido</msg>
<arg>✅ Response es objeto válido</arg>
<arg>console=${TRUE}</arg>
<doc>Logs the given message with the given level.</doc>
<status status="PASS" start="2026-01-16T09:26:46.820186" elapsed="0.000567"/>
</kw>
<arg>${response}</arg>
<doc>Valida que la respuesta sea un diccionario/objeto
Verifica tipo de dato</doc>
<status status="PASS" start="2026-01-16T09:26:46.817098" elapsed="0.003827"/>
</kw>
<kw name="Set Variable" owner="BuiltIn">
<msg time="2026-01-16T09:26:46.822992" level="INFO">${json} = {'id': '1', 'name': 'Google Pixel 6 Pro', 'data': {'color': 'Cloudy White', 'capacity': '128 GB'}}</msg>
<var>${json}</var>
<arg>${response.json()}</arg>
<doc>Returns the given values which can then be assigned to a variables.</doc>
<status status="PASS" start="2026-01-16T09:26:46.821316" elapsed="0.001709"/>
</kw>
<kw name="Validate Dictionary Has Keys" owner="helpers">
<for flavor="IN">
<iter>
<kw name="Dictionary Should Contain Key" owner="Collections">
<arg>${dictionary}</arg>
<arg>${key}</arg>
<arg>msg=❌ Clave '${key}' no encontrada en response</arg>
<doc>Fails if ``key`` is not found from ``dictionary``.</doc>
<status status="PASS" start="2026-01-16T09:26:46.823882" elapsed="0.000318"/>
</kw>
<kw name="Log" owner="BuiltIn">
<msg time="2026-01-16T09:26:46.824777" level="INFO">✅ Clave 'id' encontrada</msg>
<arg>✅ Clave '${key}' encontrada</arg>
<arg>console=${TRUE}</arg>
<doc>Logs the given message with the given level.</doc>
<status status="PASS" start="2026-01-16T09:26:46.824370" elapsed="0.000712"/>
</kw>
<var name="${key}">id</var>
<status status="PASS" start="2026-01-16T09:26:46.823764" elapsed="0.001390"/>
</iter>
<iter>
<kw name="Dictionary Should Contain Key" owner="Collections">
<arg>${dictionary}</arg>
<arg>${key}</arg>
<arg>msg=❌ Clave '${key}' no encontrada en response</arg>
<doc>Fails if ``key`` is not found from ``dictionary``.</doc>
<status status="PASS" start="2026-01-16T09:26:46.825442" elapsed="0.000318"/>
</kw>
<kw name="Log" owner="BuiltIn">
<msg time="2026-01-16T09:26:46.826484" level="INFO">✅ Clave 'name' encontrada</msg>
<arg>✅ Clave '${key}' encontrada</arg>
<arg>console=${TRUE}</arg>
<doc>Logs the given message with the given level.</doc>
<status status="PASS" start="2026-01-16T09:26:46.825910" elapsed="0.000795"/>
</kw>
<var name="${key}">name</var>
<status status="PASS" start="2026-01-16T09:26:46.825300" elapsed="0.001466"/>
</iter>
<iter>
<kw name="Dictionary Should Contain Key" owner="Collections">
<arg>${dictionary}</arg>
<arg>${key}</arg>
<arg>msg=❌ Clave '${key}' no encontrada en response</arg>
<doc>Fails if ``key`` is not found from ``dictionary``.</doc>
<status status="PASS" start="2026-01-16T09:26:46.827060" elapsed="0.000628"/>
</kw>
<kw name="Log" owner="BuiltIn">
<msg time="2026-01-16T09:26:46.828416" level="INFO">✅ Clave 'data' encontrada</msg>
<arg>✅ Clave '${key}' encontrada</arg>
<arg>console=${TRUE}</arg>
<doc>Logs the given message with the given level.</doc>
<status status="PASS" start="2026-01-16T09:26:46.827884" elapsed="0.000757"/>
</kw>
<var name="${key}">data</var>
<status status="PASS" start="2026-01-16T09:26:46.826913" elapsed="0.001830"/>
</iter>
<var>${key}</var>
<value>@{required_keys}</value>
<status status="PASS" start="2026-01-16T09:26:46.823594" elapsed="0.005196"/>
</for>
<arg>${json}</arg>
<arg>id</arg>
<arg>name</arg>
<arg>data</arg>
<doc>Valida que un diccionario contenga las claves especificadas
Acepta lista de claves requeridas</doc>
<status status="PASS" start="2026-01-16T09:26:46.823336" elapsed="0.005550"/>
</kw>
<kw name="Validate Field Value" owner="helpers">
<kw name="Get From Dictionary" owner="Collections">
<msg time="2026-01-16T09:26:46.829980" level="INFO">${actual_value} = 1</msg>
<var>${actual_value}</var>
<arg>${dictionary}</arg>
<arg>${key}</arg>
<doc>Returns a value from the given ``dictionary`` based on the given ``key``.</doc>
<status status="PASS" start="2026-01-16T09:26:46.829717" elapsed="0.000299"/>
</kw>
<kw name="Should Be Equal As Strings" owner="BuiltIn">
<arg>${actual_value}</arg>
<arg>${expected_value}</arg>
<arg>msg=❌ Campo '${key}': esperado '${expected_value}', recibido '${actual_value}'</arg>
<doc>Fails if objects are unequal after converting them to strings.</doc>
<status status="PASS" start="2026-01-16T09:26:46.830173" elapsed="0.000670"/>
</kw>
<kw name="Log" owner="BuiltIn">
<msg time="2026-01-16T09:26:46.831663" level="INFO">✅ Campo 'id' tiene valor correcto: 1</msg>
<arg>✅ Campo '${key}' tiene valor correcto: ${expected_value}</arg>
<arg>console=${TRUE}</arg>
<doc>Logs the given message with the given level.</doc>
<status status="PASS" start="2026-01-16T09:26:46.831222" elapsed="0.000739"/>
</kw>
<arg>${json}</arg>
<arg>id</arg>
<arg>${OBJECT_ID_1}</arg>
<doc>Valida que un campo tenga un valor específico
Compara valores con conversión a string</doc>
<status status="PASS" start="2026-01-16T09:26:46.829278" elapsed="0.002796"/>
</kw>
<kw name="Log" owner="BuiltIn">
<msg time="2026-01-16T09:26:46.832794" level="INFO">✅ Objeto obtenido correctamente</msg>
<arg>✅ Objeto obtenido correctamente</arg>
<arg>console=${TRUE}</arg>
<doc>Logs the given message with the given level.</doc>
<status status="PASS" start="2026-01-16T09:26:46.832473" elapsed="0.000528"/>
</kw>
<kw name="Teardown API Test Case" owner="base" type="TEARDOWN">
<kw name="Log" owner="BuiltIn">
<msg time="2026-01-16T09:26:46.833772" level="INFO">✅ Test Case completado</msg>
<arg>✅ Test Case completado</arg>
<arg>console=${TRUE}</arg>
<doc>Logs the given message with the given level.</doc>
<status status="PASS" start="2026-01-16T09:26:46.833528" elapsed="0.000405"/>
</kw>
<doc>Limpieza después de cada test case
Registra resultado y limpia datos temporales</doc>
<status status="PASS" start="2026-01-16T09:26:46.833314" elapsed="0.000702"/>
</kw>
<doc>✅ Verifica que GET /objects/{id} retorne un objeto específico

Valida:
- Status 200
- Response es objeto (dict)
- Objeto contiene ID correcto
- Campos requeridos presentes</doc>
<tag>critical</tag>
<tag>p0</tag>
<tag>quick</tag>
<tag>single_object</tag>
<tag>smoke</tag>
<status status="PASS" start="2026-01-16T09:26:44.989922" elapsed="1.844195"/>
</test>
<test id="s1-s1-t5" name="Verify Known Mock Object" line="122">
<kw name="Setup API Test Case" owner="base" type="SETUP">
<kw name="Log" owner="BuiltIn">
<msg time="2026-01-16T09:26:46.836099" level="INFO">🧪 Ejecutando Test Case</msg>
<arg>🧪 Ejecutando Test Case</arg>
<arg>console=${TRUE}</arg>
<doc>Logs the given message with the given level.</doc>
<status status="PASS" start="2026-01-16T09:26:46.835689" elapsed="0.000646"/>
</kw>
<kw name="Run Keyword And Return Status" owner="BuiltIn">
<kw name="Session Exists" owner="RequestsLibrary">
<arg>${SESSION_ALIAS}</arg>
<doc>Return True if the session has been already created</doc>
<status status="PASS" start="2026-01-16T09:26:46.837038" elapsed="0.000214"/>
</kw>
<msg time="2026-01-16T09:26:46.837374" level="INFO">${session_exists} = True</msg>
<var>${session_exists}</var>
<arg>Session Exists</arg>
<arg>${SESSION_ALIAS}</arg>
<doc>Runs the specified keyword and returns the status as a Boolean value.</doc>
<status status="PASS" start="2026-01-16T09:26:46.836551" elapsed="0.000856"/>
</kw>
<kw name="Run Keyword If" owner="BuiltIn">
<arg>not ${session_exists}</arg>
<arg>Create API Session</arg>
<doc>Runs the given keyword with the given arguments, if ``condition`` is true.</doc>
<status status="PASS" start="2026-01-16T09:26:46.837555" elapsed="0.000414"/>
</kw>
<doc>Configuración inicial para cada test case
Verifica que la sesión esté activa</doc>
<status status="PASS" start="2026-01-16T09:26:46.835361" elapsed="0.002687"/>
</kw>
<kw name="Log" owner="BuiltIn">
<msg time="2026-01-16T09:26:46.838813" level="INFO">📱 Verificando objeto mock: ID 1</msg>
<arg>📱 Verificando objeto mock: ID ${OBJECT_ID_1}</arg>
<arg>console=${TRUE}</arg>
<doc>Logs the given message with the given level.</doc>
<status status="PASS" start="2026-01-16T09:26:46.838422" elapsed="0.000667"/>
</kw>
<kw name="Set Variable" owner="BuiltIn">
<msg time="2026-01-16T09:26:46.839861" level="INFO">${endpoint} = /objects/1</msg>
<var>${endpoint}</var>
<arg>${ENDPOINT_OBJECTS}/${OBJECT_ID_1}</arg>
<doc>Returns the given values which can then be assigned to a variables.</doc>
<status status="PASS" start="2026-01-16T09:26:46.839376" elapsed="0.000531"/>
</kw>
<kw name="GET Request" owner="helpers">
<kw name="Log Request" owner="base">
<kw name="Log" owner="BuiltIn">
<msg time="2026-01-16T09:26:46.842112" level="INFO">📤 REQUEST:</msg>
<arg>📤 REQUEST:</arg>
<arg>console=${TRUE}</arg>
<doc>Logs the given message with the given level.</doc>
<status status="PASS" start="2026-01-16T09:26:46.841859" elapsed="0.000456"/>
</kw>
<kw name="Log" owner="BuiltIn">
<msg time="2026-01-16T09:26:46.842919" level="INFO">Method: GET</msg>
<arg>Method: ${method}</arg>
<arg>console=${TRUE}</arg>
<doc>Logs the given message with the given level.</doc>
<status status="PASS" start="2026-01-16T09:26:46.842477" elapsed="0.000614"/>
</kw>
<kw name="Log" owner="BuiltIn">
<msg time="2026-01-16T09:26:46.843568" level="INFO">Endpoint: /objects/1</msg>
<arg>Endpoint: ${endpoint}</arg>
<arg>console=${TRUE}</arg>
<doc>Logs the given message with the given level.</doc>
<status status="PASS" start="2026-01-16T09:26:46.843229" elapsed="0.000465"/>
</kw>
<kw name="Run Keyword If" owner="BuiltIn">
<arg>'${body}' != '${EMPTY}'</arg>
<arg>Log</arg>
<arg>Body: ${body}</arg>
<arg>console=${TRUE}</arg>
<doc>Runs the given keyword with the given arguments, if ``condition`` is true.</doc>
<status status="PASS" start="2026-01-16T09:26:46.843846" elapsed="0.001798"/>
</kw>
<arg>GET</arg>
<arg>${endpoint}</arg>
<doc>Registra detalles de la petición para debugging</doc>
<status status="PASS" start="2026-01-16T09:26:46.840805" elapsed="0.004953"/>
</kw>
<kw name="GET On Session" owner="RequestsLibrary">
<msg time="2026-01-16T09:26:49.298208" level="INFO">GET Request : url=https://api.restful-api.dev/objects/1 
 path_url=/objects/1 
 headers={'User-Agent': 'python-requests/2.32.5', 'Accept-Encoding': 'gzip, deflate, zstd', 'Accept': 'application/json', 'Connection': 'keep-alive', 'Content-Type': 'application/json'} 
 body=None 
 </msg>
<msg time="2026-01-16T09:26:49.298372" level="INFO">GET Response : url=https://api.restful-api.dev/objects/1 
 status=200, reason=OK 
 headers={'Date': 'Fri, 16 Jan 2026 12:26:49 GMT', 'Content-Type': 'application/json', 'Transfer-Encoding': 'chunked', 'Connection': 'keep-alive', 'Server': 'cloudflare', 'Nel': '{"report_to":"cf-nel","success_fraction":0.0,"max_age":604800}', 'Vary': 'Origin, Access-Control-Request-Method, Access-Control-Request-Headers', 'cf-cache-status': 'DYNAMIC', 'Report-To': '{"group":"cf-nel","max_age":604800,"endpoints":[{"url":"https://a.nel.cloudflare.com/report/v4?s=W9uBl5mQHJp57BzwSGTYEnGyQmPM7VMTo%2B4Cl8vaDmqFEdGYKBh%2FqQy%2FegmpOZagS3hUfeebYUxb5FDNCfPCfemnMZ2ZEdtWfgKldcyiC%2Bub"}]}', 'Content-Encoding': 'zstd', 'CF-RAY': '9bed9a6bac541e7f-EZE', 'alt-svc': 'h3=":443"; ma=86400'} 
 body={"id":"1","name":"Google Pixel 6 Pro","data":{"color":"Cloudy White","capacity":"128 GB"}} 
 </msg>
<msg time="2026-01-16T09:26:49.298515" level="INFO">C:\Users\ValentinaBianchini\AppData\Local\Programs\Python\Python314\Lib\site-packages\urllib3\connectionpool.py:1097: InsecureRequestWarning: Unverified HTTPS request is being made to host 'api.restful-api.dev'. Adding certificate verification is strongly advised. See: https://urllib3.readthedocs.io/en/latest/advanced-usage.html#tls-warnings
  warnings.warn(</msg>
<msg time="2026-01-16T09:26:49.298914" level="INFO">${response} = &lt;Response [200]&gt;</msg>
<var>${response}</var>
<arg>${SESSION_ALIAS}</arg>
<arg>${endpoint}</arg>
<arg>expected_status=${expected_status}</arg>
<doc>Sends a GET request on a previously created HTTP Session.</doc>
<status status="PASS" start="2026-01-16T09:26:46.846055" elapsed="2.452923"/>
</kw>
<kw name="Log Response" owner="base">
<kw name="Log" owner="BuiltIn">
<msg time="2026-01-16T09:26:49.300069" level="INFO">📥 RESPONSE:</msg>
<arg>📥 RESPONSE:</arg>
<arg>console=${TRUE}</arg>
<doc>Logs the given message with the given level.</doc>
<status status="PASS" start="2026-01-16T09:26:49.299681" elapsed="0.000595"/>
</kw>
<kw name="Log" owner="BuiltIn">
<msg time="2026-01-16T09:26:49.302005" level="INFO">Status: 200</msg>
<arg>Status: ${response.status_code}</arg>
<arg>console=${TRUE}</arg>
<doc>Logs the given message with the given level.</doc>
<status status="PASS" start="2026-01-16T09:26:49.300452" elapsed="0.001702"/>
</kw>
<kw name="Log" owner="BuiltIn">
<msg time="2026-01-16T09:26:49.303894" level="INFO">Body: {'id': '1', 'name': 'Google Pixel 6 Pro', 'data': {'color': 'Cloudy White', 'capacity': '128 GB'}}</msg>
<arg>Body: ${response.json()}</arg>
<arg>console=${TRUE}</arg>
<doc>Logs the given message with the given level.</doc>
<status status="PASS" start="2026-01-16T09:26:49.302313" elapsed="0.001733"/>
</kw>
<kw name="Log" owner="BuiltIn">
<msg time="2026-01-16T09:26:49.306071" level="INFO">Elapsed: 0:00:02.445454</msg>
<arg>Elapsed: ${response.elapsed}</arg>
<arg>console=${TRUE}</arg>
<doc>Logs the given message with the given level.</doc>
<status status="PASS" start="2026-01-16T09:26:49.304214" elapsed="0.002073"/>
</kw>
<arg>${response}</arg>
<doc>Registra detalles de la respuesta para debugging</doc>
<status status="PASS" start="2026-01-16T09:26:49.299298" elapsed="0.007100"/>
</kw>
<return>
<value>${response}</value>
<status status="PASS" start="2026-01-16T09:26:49.306469" elapsed="0.000053"/>
</return>
<msg time="2026-01-16T09:26:49.306701" level="INFO">${response} = &lt;Response [200]&gt;</msg>
<var>${response}</var>
<arg>${endpoint}</arg>
<doc>Realiza petición GET con logging y validación
Retorna objeto response completo</doc>
<status status="PASS" start="2026-01-16T09:26:46.840306" elapsed="2.466431"/>
</kw>
<kw name="Set Variable" owner="BuiltIn">
<msg time="2026-01-16T09:26:49.308593" level="INFO">${json} = {'id': '1', 'name': 'Google Pixel 6 Pro', 'data': {'color': 'Cloudy White', 'capacity': '128 GB'}}</msg>
<var>${json}</var>
<arg>${response.json()}</arg>
<doc>Returns the given values which can then be assigned to a variables.</doc>
<status status="PASS" start="2026-01-16T09:26:49.306989" elapsed="0.001637"/>
</kw>
<kw name="Validate Field Value" owner="helpers">
<kw name="Get From Dictionary" owner="Collections">
<msg time="2026-01-16T09:26:49.309585" level="INFO">${actual_value} = 1</msg>
<var>${actual_value}</var>
<arg>${dictionary}</arg>
<arg>${key}</arg>
<doc>Returns a value from the given ``dictionary`` based on the given ``key``.</doc>
<status status="PASS" start="2026-01-16T09:26:49.309359" elapsed="0.000257"/>
</kw>
<kw name="Should Be Equal As Strings" owner="BuiltIn">
<arg>${actual_value}</arg>
<arg>${expected_value}</arg>
<arg>msg=❌ Campo '${key}': esperado '${expected_value}', recibido '${actual_value}'</arg>
<doc>Fails if objects are unequal after converting them to strings.</doc>
<status status="PASS" start="2026-01-16T09:26:49.309756" elapsed="0.000569"/>
</kw>
<kw name="Log" owner="BuiltIn">
<msg time="2026-01-16T09:26:49.310858" level="INFO">✅ Campo 'id' tiene valor correcto: 1</msg>
<arg>✅ Campo '${key}' tiene valor correcto: ${expected_value}</arg>
<arg>console=${TRUE}</arg>
<doc>Logs the given message with the given level.</doc>
<status status="PASS" start="2026-01-16T09:26:49.310469" elapsed="0.000569"/>
</kw>
<arg>${json}</arg>
<arg>id</arg>
<arg>${OBJECT_ID_1}</arg>
<doc>Valida que un campo tenga un valor específico
Compara valores con conversión a string</doc>
<status status="PASS" start="2026-01-16T09:26:49.308974" elapsed="0.002170"/>
</kw>
<kw name="Validate Field Value" owner="helpers">
<kw name="Get From Dictionary" owner="Collections">
<msg time="2026-01-16T09:26:49.312072" level="INFO">${actual_value} = Google Pixel 6 Pro</msg>
<var>${actual_value}</var>
<arg>${dictionary}</arg>
<arg>${key}</arg>
<doc>Returns a value from the given ``dictionary`` based on the given ``key``.</doc>
<status status="PASS" start="2026-01-16T09:26:49.311859" elapsed="0.000244"/>
</kw>
<kw name="Should Be Equal As Strings" owner="BuiltIn">
<arg>${actual_value}</arg>
<arg>${expected_value}</arg>
<arg>msg=❌ Campo '${key}': esperado '${expected_value}', recibido '${actual_value}'</arg>
<doc>Fails if objects are unequal after converting them to strings.</doc>
<status status="PASS" start="2026-01-16T09:26:49.312220" elapsed="0.000491"/>
</kw>
<kw name="Log" owner="BuiltIn">
<msg time="2026-01-16T09:26:49.313304" level="INFO">✅ Campo 'name' tiene valor correcto: Google Pixel 6 Pro</msg>
[...]
<var>${session_exists}</var>
<arg>Session Exists</arg>
<arg>${SESSION_ALIAS}</arg>
<doc>Runs the specified keyword and returns the status as a Boolean value.</doc>
<status status="PASS" start="2026-01-16T09:26:59.506199" elapsed="0.000825"/>
</kw>
<kw name="Run Keyword If" owner="BuiltIn">
<arg>not ${session_exists}</arg>
<arg>Create API Session</arg>
<doc>Runs the given keyword with the given arguments, if ``condition`` is true.</doc>
<status status="PASS" start="2026-01-16T09:26:59.507207" elapsed="0.000476"/>
</kw>
<doc>Configuración inicial para cada test case
Verifica que la sesión esté activa</doc>
<status status="PASS" start="2026-01-16T09:26:59.489586" elapsed="0.018185"/>
</kw>
<kw name="Log" owner="BuiltIn">
<msg time="2026-01-16T09:26:59.508444" level="INFO">📦 Creando múltiples objetos en batch</msg>
<arg>📦 Creando múltiples objetos en batch</arg>
<arg>console=${TRUE}</arg>
<doc>Logs the given message with the given level.</doc>
<status status="PASS" start="2026-01-16T09:26:59.508085" elapsed="0.000568"/>
</kw>
<kw name="Create List" owner="BuiltIn">
<msg time="2026-01-16T09:26:59.509155" level="INFO">@{created_ids} = [ ]</msg>
<var>@{created_ids}</var>
<doc>Returns a list containing given items.</doc>
<status status="PASS" start="2026-01-16T09:26:59.508877" elapsed="0.000308"/>
</kw>
<for flavor="IN RANGE">
<iter>
<kw name="Generate Unique Name" owner="base">
<kw name="Get Current Date" owner="DateTime">
<msg time="2026-01-16T09:26:59.511440" level="INFO">${timestamp} = 20260116092659</msg>
<var>${timestamp}</var>
<arg>result_format=%Y%m%d%H%M%S</arg>
<doc>Returns current local or UTC time with an optional increment.</doc>
<status status="PASS" start="2026-01-16T09:26:59.510879" elapsed="0.000624"/>
</kw>
<kw name="Set Variable" owner="BuiltIn">
<msg time="2026-01-16T09:26:59.512509" level="INFO">${unique_name} = TestObject1_20260116092659</msg>
<var>${unique_name}</var>
<arg>${prefix}_${timestamp}</arg>
<doc>Returns the given values which can then be assigned to a variables.</doc>
<status status="PASS" start="2026-01-16T09:26:59.511920" elapsed="0.000624"/>
</kw>
<return>
<value>${unique_name}</value>
<status status="PASS" start="2026-01-16T09:26:59.512604" elapsed="0.000041"/>
</return>
<msg time="2026-01-16T09:26:59.512759" level="INFO">${unique_name} = TestObject1_20260116092659</msg>
<var>${unique_name}</var>
<arg>TestObject${index}</arg>
<doc>Genera nombre único para objetos de prueba
Combina prefijo con timestamp</doc>
<status status="PASS" start="2026-01-16T09:26:59.510345" elapsed="0.002436"/>
</kw>
<kw name="Create Object With Data" owner="helpers">
<kw name="Create Dictionary" owner="BuiltIn">
<msg time="2026-01-16T09:26:59.513872" level="INFO">${data} = {'index': 1, 'timestamp': 1}</msg>
<var>${data}</var>
<arg>&amp;{data_fields}</arg>
<doc>Creates and returns a dictionary based on the given ``items``.</doc>
<status status="PASS" start="2026-01-16T09:26:59.513376" elapsed="0.000561"/>
</kw>
<return>
<value>${data}</value>
<status status="PASS" start="2026-01-16T09:26:59.514015" elapsed="0.000046"/>
</return>
<msg time="2026-01-16T09:26:59.514207" level="INFO">${data} = {'index': 1, 'timestamp': 1}</msg>
<var>${data}</var>
<arg>index=${index}</arg>
<arg>timestamp=${index}</arg>
<doc>Crea diccionario de datos para campo 'data'
Acepta pares key=value como argumentos</doc>
<status status="PASS" start="2026-01-16T09:26:59.512948" elapsed="0.001285"/>
</kw>
<kw name="Create Object Body" owner="helpers">
<kw name="Create Dictionary" owner="BuiltIn">
<msg time="2026-01-16T09:26:59.515047" level="INFO">${body} = {'name': 'TestObject1_20260116092659'}</msg>
<var>${body}</var>
<arg>name=${name}</arg>
<doc>Creates and returns a dictionary based on the given ``items``.</doc>
<status status="PASS" start="2026-01-16T09:26:59.514728" elapsed="0.000349"/>
</kw>
<kw name="Run Keyword If" owner="BuiltIn">
<kw name="Set To Dictionary" owner="Collections">
<arg>${body}</arg>
<arg>data=${data}</arg>
<doc>Adds the given ``key_value_pairs`` and/or ``items`` to the ``dictionary``.</doc>
<status status="PASS" start="2026-01-16T09:26:59.515870" elapsed="0.000230"/>
</kw>
<arg>${data} is not ${NONE}</arg>
<arg>Set To Dictionary</arg>
<arg>${body}</arg>
<arg>data=${data}</arg>
<doc>Runs the given keyword with the given arguments, if ``condition`` is true.</doc>
<status status="PASS" start="2026-01-16T09:26:59.515225" elapsed="0.000942"/>
</kw>
<return>
<value>${body}</value>
<status status="PASS" start="2026-01-16T09:26:59.516225" elapsed="0.000042"/>
</return>
<msg time="2026-01-16T09:26:59.516407" level="INFO">${body} = {'name': 'TestObject1_20260116092659', 'data': {'index': 1, 'timestamp': 1}}</msg>
<var>${body}</var>
<arg>${unique_name}</arg>
<arg>${data}</arg>
<doc>Crea body JSON para creación de objetos
Acepta nombre y datos adicionales</doc>
<status status="PASS" start="2026-01-16T09:26:59.514459" elapsed="0.001974"/>
</kw>
<kw name="POST Request" owner="helpers">
<kw name="Log Request" owner="base">
<kw name="Log" owner="BuiltIn">
<msg time="2026-01-16T09:26:59.517895" level="INFO">📤 REQUEST:</msg>
<arg>📤 REQUEST:</arg>
<arg>console=${TRUE}</arg>
<doc>Logs the given message with the given level.</doc>
<status status="PASS" start="2026-01-16T09:26:59.517544" elapsed="0.000634"/>
</kw>
<kw name="Log" owner="BuiltIn">
<msg time="2026-01-16T09:26:59.518825" level="INFO">Method: POST</msg>
<arg>Method: ${method}</arg>
<arg>console=${TRUE}</arg>
<doc>Logs the given message with the given level.</doc>
<status status="PASS" start="2026-01-16T09:26:59.518391" elapsed="0.000643"/>
</kw>
<kw name="Log" owner="BuiltIn">
<msg time="2026-01-16T09:26:59.519564" level="INFO">Endpoint: /objects</msg>
<arg>Endpoint: ${endpoint}</arg>
<arg>console=${TRUE}</arg>
<doc>Logs the given message with the given level.</doc>
<status status="PASS" start="2026-01-16T09:26:59.519186" elapsed="0.000565"/>
</kw>
<kw name="Run Keyword If" owner="BuiltIn">
<msg time="2026-01-16T09:26:59.521087" level="FAIL">Evaluating expression "'{'name': 'TestObject1_20260116092659', 'data': {'index': 1, 'timestamp': 1}}' != ''" failed: SyntaxError: invalid syntax. Is this intended to be part of the string? (&lt;string&gt;, line 1)</msg>
<arg>'${body}' != '${EMPTY}'</arg>
<arg>Log</arg>
<arg>Body: ${body}</arg>
<arg>console=${TRUE}</arg>
<doc>Runs the given keyword with the given arguments, if ``condition`` is true.</doc>
<status status="FAIL" start="2026-01-16T09:26:59.519899" elapsed="0.001290">Evaluating expression "'{'name': 'TestObject1_20260116092659', 'data': {'index': 1, 'timestamp': 1}}' != ''" failed: SyntaxError: invalid syntax. Is this intended to be part of the string? (&lt;string&gt;, line 1)</status>
</kw>
<arg>POST</arg>
<arg>${endpoint}</arg>
<arg>${body}</arg>
<doc>Registra detalles de la petición para debugging</doc>
<status status="FAIL" start="2026-01-16T09:26:59.517165" elapsed="0.004128">Evaluating expression "'{'name': 'TestObject1_20260116092659', 'data': {'index': 1, 'timestamp': 1}}' != ''" failed: SyntaxError: invalid syntax. Is this intended to be part of the string? (&lt;string&gt;, line 1)</status>
</kw>
<kw name="POST On Session" owner="RequestsLibrary">
<var>${response}</var>
<arg>${SESSION_ALIAS}</arg>
<arg>${endpoint}</arg>
<arg>json=${body}</arg>
<arg>expected_status=${expected_status}</arg>
<doc>Sends a POST request on a previously created HTTP Session.</doc>
<status status="NOT RUN" start="2026-01-16T09:26:59.521441" elapsed="0.000030"/>
</kw>
<kw name="Log Response" owner="base">
<arg>${response}</arg>
<doc>Registra detalles de la respuesta para debugging</doc>
<status status="NOT RUN" start="2026-01-16T09:26:59.521667" elapsed="0.000030"/>
</kw>
<return>
<value>${response}</value>
<status status="NOT RUN" start="2026-01-16T09:26:59.521752" elapsed="0.000018"/>
</return>
<var>${response}</var>
<arg>${ENDPOINT_OBJECTS}</arg>
<arg>${body}</arg>
<doc>Realiza petición POST con body JSON
Valida status code y retorna response</doc>
<status status="FAIL" start="2026-01-16T09:26:59.516662" elapsed="0.005220">Evaluating expression "'{'name': 'TestObject1_20260116092659', 'data': {'index': 1, 'timestamp': 1}}' != ''" failed: SyntaxError: invalid syntax. Is this intended to be part of the string? (&lt;string&gt;, line 1)</status>
</kw>
<kw name="Validate Status Code" owner="helpers">
<arg>${response}</arg>
<arg>${HTTP_200_OK}</arg>
<doc>Valida que el status code sea el esperado
Muestra mensaje descriptivo en caso de error</doc>
<status status="NOT RUN" start="2026-01-16T09:26:59.522038" elapsed="0.000018"/>
</kw>
<kw name="Extract Object ID" owner="helpers">
<var>${object_id}</var>
<arg>${response}</arg>
<doc>Extrae el ID de un objeto de la respuesta
Retorna ID como string</doc>
<status status="NOT RUN" start="2026-01-16T09:26:59.522155" elapsed="0.000014"/>
</kw>
<kw name="Append To List" owner="Collections">
<arg>${created_ids}</arg>
<arg>${object_id}</arg>
<doc>Adds ``values`` to the end of ``list``.</doc>
<status status="NOT RUN" start="2026-01-16T09:26:59.522238" elapsed="0.000012"/>
</kw>
<kw name="Log" owner="BuiltIn">
<arg>✅ Objeto ${index}/5 creado con ID: ${object_id}</arg>
<arg>console=${TRUE}</arg>
<doc>Logs the given message with the given level.</doc>
<status status="NOT RUN" start="2026-01-16T09:26:59.522317" elapsed="0.000012"/>
</kw>
<var name="${index}">1</var>
<status status="FAIL" start="2026-01-16T09:26:59.509786" elapsed="0.012580">Evaluating expression "'{'name': 'TestObject1_20260116092659', 'data': {'index': 1, 'timestamp': 1}}' != ''" failed: SyntaxError: invalid syntax. Is this intended to be part of the string? (&lt;string&gt;, line 1)</status>
</iter>
<var>${index}</var>
<value>1</value>
<value>6</value>
<status status="FAIL" start="2026-01-16T09:26:59.509485" elapsed="0.012928">Evaluating expression "'{'name': 'TestObject1_20260116092659', 'data': {'index': 1, 'timestamp': 1}}' != ''" failed: SyntaxError: invalid syntax. Is this intended to be part of the string? (&lt;string&gt;, line 1)</status>
</for>
<kw name="Get Length" owner="BuiltIn">
<var>${count}</var>
<arg>${created_ids}</arg>
<doc>Returns and logs the length of the given item as an integer.</doc>
<status status="NOT RUN" start="2026-01-16T09:26:59.522640" elapsed="0.000016"/>
</kw>
<kw name="Should Be Equal As Integers" owner="BuiltIn">
<arg>${count}</arg>
<arg>5</arg>
<doc>Fails if objects are unequal after converting them to integers.</doc>
<status status="NOT RUN" start="2026-01-16T09:26:59.522791" elapsed="0.000014"/>
</kw>
<kw name="Log" owner="BuiltIn">
<arg>✅ ${count} objetos creados exitosamente</arg>
<arg>console=${TRUE}</arg>
<doc>Logs the given message with the given level.</doc>
<status status="NOT RUN" start="2026-01-16T09:26:59.522922" elapsed="0.000013"/>
</kw>
<kw name="Run Keywords" owner="BuiltIn" type="TEARDOWN">
<kw name="Teardown API Test Case" owner="base">
<kw name="Log" owner="BuiltIn">
<msg time="2026-01-16T09:26:59.523899" level="INFO">✅ Test Case completado</msg>
<arg>✅ Test Case completado</arg>
<arg>console=${TRUE}</arg>
<doc>Logs the given message with the given level.</doc>
<status status="PASS" start="2026-01-16T09:26:59.523674" elapsed="0.000414"/>
</kw>
<doc>Limpieza después de cada test case
Registra resultado y limpia datos temporales</doc>
<status status="PASS" start="2026-01-16T09:26:59.523480" elapsed="0.000694"/>
</kw>
<kw name="Cleanup Test Objects" owner="helpers">
<for flavor="IN">
<iter>
<kw name="Run Keyword And Return Status" owner="BuiltIn">
<var>${status}</var>
<arg>DELETE Request</arg>
<arg>/objects/${id}</arg>
<arg>expected_status=any</arg>
<doc>Runs the specified keyword and returns the status as a Boolean value.</doc>
<status status="NOT RUN" start="2026-01-16T09:26:59.524970" elapsed="0.000027"/>
</kw>
<kw name="Run Keyword If" owner="BuiltIn">
<arg>${status}</arg>
<arg>Log</arg>
<arg>✅ Objeto ${id} eliminado</arg>
<arg>console=${TRUE}</arg>
<arg>ELSE</arg>
<arg>Log</arg>
<arg>⚠️ No se pudo eliminar objeto ${id}</arg>
<arg>console=${TRUE}</arg>
<doc>Runs the given keyword with the given arguments, if ``condition`` is true.</doc>
<status status="NOT RUN" start="2026-01-16T09:26:59.525140" elapsed="0.000022"/>
</kw>
<var name="${id}"/>
<status status="NOT RUN" start="2026-01-16T09:26:59.524850" elapsed="0.000372"/>
</iter>
<var>${id}</var>
<value>@{object_ids}</value>
<status status="NOT RUN" start="2026-01-16T09:26:59.524705" elapsed="0.000553"/>
</for>
<arg>@{created_ids}</arg>
<doc>Limpia objetos creados durante el test
Acepta lista de IDs a eliminar</doc>
<status status="PASS" start="2026-01-16T09:26:59.524378" elapsed="0.000950"/>
</kw>
<arg>Teardown API Test Case</arg>
<arg>AND</arg>
<arg>Cleanup Test Objects</arg>
<arg>@{created_ids}</arg>
<doc>Executes all the given keywords in a sequence.</doc>
<status status="PASS" start="2026-01-16T09:26:59.523158" elapsed="0.002227"/>
</kw>
<doc>✅ Crea múltiples objetos en secuencia

Valida:
- Todos los objetos se crean correctamente
- Cada uno tiene ID único
- Performance aceptable para batch</doc>
<tag>batch</tag>
<tag>create</tag>
<tag>crud</tag>
<tag>e2e</tag>
<tag>integration</tag>
<tag>p1</tag>
<status status="FAIL" start="2026-01-16T09:26:59.488887" elapsed="0.036682">Evaluating expression "'{'name': 'TestObject1_20260116092659', 'data': {'index': 1, 'timestamp': 1}}' != ''" failed: SyntaxError: invalid syntax. Is this intended to be part of the string? (&lt;string&gt;, line 1)</status>
</test>
<kw name="Teardown API Test Suite" owner="base" type="TEARDOWN">
<kw name="Log" owner="BuiltIn">
<msg time="2026-01-16T09:26:59.527617" level="INFO">✅ Finalizando Suite de Tests de API</msg>
<arg>✅ Finalizando Suite de Tests de API</arg>
<arg>console=${TRUE}</arg>
<doc>Logs the given message with the given level.</doc>
<status status="PASS" start="2026-01-16T09:26:59.527145" elapsed="0.000881"/>
</kw>
<kw name="Delete All Sessions" owner="RequestsLibrary">
<msg time="2026-01-16T09:26:59.528570" level="INFO">Deleting All Sessions</msg>
<doc>Removes all the session objects</doc>
<status status="PASS" start="2026-01-16T09:26:59.528436" elapsed="0.000358"/>
</kw>
<kw name="Log Many" owner="BuiltIn">
<msg time="2026-01-16T09:26:59.529376" level="INFO">Suite completada exitosamente</msg>
<msg time="2026-01-16T09:26:59.530618" level="INFO">timestamp=</msg>
<arg>Suite completada exitosamente</arg>
<arg>timestamp=${EMPTY}</arg>
<doc>Logs the given messages as separate entries using the INFO level.</doc>
<status status="PASS" start="2026-01-16T09:26:59.529042" elapsed="0.001665"/>
</kw>
<doc>Limpieza final de la suite de tests
Cierra sesiones y genera reporte de resumen</doc>
<status status="PASS" start="2026-01-16T09:26:59.526854" elapsed="0.003947"/>
</kw>
<doc>✏️ CRUD Tests - Pruebas completas de operaciones Create, Read, Update, Delete

Tests de ciclo de vida completo de objetos en la API.
Verifica todas las operaciones CRUD de forma individual y en flujo completo.

Tests incluidos:
- Create (POST)
- Read (GET)
- Update Complete (PUT)
- Update Partial (PATCH)
- Delete (DELETE)
- Full CRUD Workflow E2E</doc>
<status status="FAIL" start="2026-01-16T09:26:53.783963" elapsed="5.746887"/>
</suite>
<status status="FAIL" start="2026-01-16T09:26:36.523761" elapsed="23.008583"/>
</suite>
<statistics>
<total>
<stat pass="7" fail="8" skip="0">All Tests</stat>
</total>
<tag>
<stat pass="1" fail="1" skip="0">batch</stat>
<stat pass="1" fail="0" skip="0">connectivity</stat>
<stat pass="0" fail="2" skip="0">create</stat>
<stat pass="6" fail="3" skip="0">critical</stat>
<stat pass="1" fail="6" skip="0">crud</stat>
<stat pass="0" fail="1" skip="0">delete</stat>
<stat pass="1" fail="6" skip="0">e2e</stat>
<stat pass="1" fail="0" skip="0">get</stat>
<stat pass="0" fail="1" skip="0">health</stat>
<stat pass="1" fail="6" skip="0">integration</stat>
<stat pass="1" fail="0" skip="0">json</stat>
<stat pass="1" fail="0" skip="0">list</stat>
<stat pass="1" fail="0" skip="0">mock_data</stat>
<stat pass="4" fail="5" skip="0">p0</stat>
<stat pass="3" fail="3" skip="0">p1</stat>
<stat pass="0" fail="1" skip="0">patch</stat>
<stat pass="0" fail="1" skip="0">performance</stat>
<stat pass="0" fail="1" skip="0">post</stat>
<stat pass="0" fail="1" skip="0">put</stat>
<stat pass="6" fail="2" skip="0">quick</stat>
<stat pass="1" fail="0" skip="0">read</stat>
<stat pass="1" fail="0" skip="0">single_object</stat>
<stat pass="0" fail="1" skip="0">sla</stat>
<stat pass="6" fail="2" skip="0">smoke</stat>
<stat pass="0" fail="1" skip="0">timing</stat>
<stat pass="0" fail="2" skip="0">update</stat>
<stat pass="0" fail="1" skip="0">workflow</stat>
</tag>
<suite>
<stat name="smokeTests &amp; crudTests" id="s1" pass="7" fail="8" skip="0">smokeTests &amp; crudTests</stat>
<stat name="smokeTests" id="s1-s1" pass="6" fail="2" skip="0">smokeTests &amp; crudTests.smokeTests</stat>
<stat name="crudTests" id="s1-s2" pass="1" fail="6" skip="0">smokeTests &amp; crudTests.crudTests</stat>
</suite>
</statistics>
<errors>
<msg time="2026-01-16T09:26:36.566586" level="WARN">Error in file 'C:\Users\ValentinaBianchini\Desktop\robot-framework-appium\api_tests\config\base.robot' on line 104: The '[Return]' setting is deprecated. Use the 'RETURN' statement instead.</msg>
<msg time="2026-01-16T09:26:36.566893" level="WARN">Error in file 'C:\Users\ValentinaBianchini\Desktop\robot-framework-appium\api_tests\config\base.robot' on line 112: The '[Return]' setting is deprecated. Use the 'RETURN' statement instead.</msg>
<msg time="2026-01-16T09:26:36.683005" level="WARN">Error in file 'C:\Users\ValentinaBianchini\Desktop\robot-framework-appium\api_tests\config\helpers.robot' on line 20: The '[Return]' setting is deprecated. Use the 'RETURN' statement instead.</msg>
<msg time="2026-01-16T09:26:36.683602" level="WARN">Error in file 'C:\Users\ValentinaBianchini\Desktop\robot-framework-appium\api_tests\config\helpers.robot' on line 29: The '[Return]' setting is deprecated. Use the 'RETURN' statement instead.</msg>
<msg time="2026-01-16T09:26:36.683950" level="WARN">Error in file 'C:\Users\ValentinaBianchini\Desktop\robot-framework-appium\api_tests\config\helpers.robot' on line 38: The '[Return]' setting is deprecated. Use the 'RETURN' statement instead.</msg>
<msg time="2026-01-16T09:26:36.684297" level="WARN">Error in file 'C:\Users\ValentinaBianchini\Desktop\robot-framework-appium\api_tests\config\helpers.robot' on line 47: The '[Return]' setting is deprecated. Use the 'RETURN' statement instead.</msg>
<msg time="2026-01-16T09:26:36.684677" level="WARN">Error in file 'C:\Users\ValentinaBianchini\Desktop\robot-framework-appium\api_tests\config\helpers.robot' on line 56: The '[Return]' setting is deprecated. Use the 'RETURN' statement instead.</msg>
<msg time="2026-01-16T09:26:36.686027" level="WARN">Error in file 'C:\Users\ValentinaBianchini\Desktop\robot-framework-appium\api_tests\config\helpers.robot' on line 157: The '[Return]' setting is deprecated. Use the 'RETURN' statement instead.</msg>
<msg time="2026-01-16T09:26:36.686281" level="WARN">Error in file 'C:\Users\ValentinaBianchini\Desktop\robot-framework-appium\api_tests\config\helpers.robot' on line 164: The '[Return]' setting is deprecated. Use the 'RETURN' statement instead.</msg>
<msg time="2026-01-16T09:26:36.686503" level="WARN">Error in file 'C:\Users\ValentinaBianchini\Desktop\robot-framework-appium\api_tests\config\helpers.robot' on line 172: The '[Return]' setting is deprecated. Use the 'RETURN' statement instead.</msg>
<msg time="2026-01-16T09:26:36.686716" level="WARN">Error in file 'C:\Users\ValentinaBianchini\Desktop\robot-framework-appium\api_tests\config\helpers.robot' on line 180: The '[Return]' setting is deprecated. Use the 'RETURN' statement instead.</msg>
<msg time="2026-01-16T09:26:36.687169" level="WARN">Error in file 'C:\Users\ValentinaBianchini\Desktop\robot-framework-appium\api_tests\config\helpers.robot' on line 204: The '[Return]' setting is deprecated. Use the 'RETURN' statement instead.</msg>
</errors>
</robot>
