<?xml version="1.0" encoding="UTF-8"?>
<robot generator="Robot 7.4.1 (Python 3.14.2 on win32)" generated="2026-01-12T19:02:03.342228" rpa="false" schemaversion="5">
<suite id="s1" name="apiTest" source="C:\Users\ValentinaBianchini\Desktop\robot-framework-appium\api\tests\apiTest.robot">
<test id="s1-t1" name="Debe obtener objeto con ID 7 correctamente" line="40">
<kw name="Get Object By ID" owner="apiPage">
<kw name="GET" owner="RequestsLibrary">
<msg time="2026-01-12T19:02:04.838246" level="INFO">GET Request : url=https://api.restful-api.dev/objects/7 
 path_url=/objects/7 
 headers={'User-Agent': 'python-requests/2.32.5', 'Accept-Encoding': 'gzip, deflate, zstd', 'Accept': '*/*', 'Connection': 'keep-alive'} 
 body=None 
 </msg>
<msg time="2026-01-12T19:02:04.838391" level="INFO">GET Response : url=https://api.restful-api.dev/objects/7 
 status=200, reason=OK 
 headers={'Date': 'Mon, 12 Jan 2026 22:02:04 GMT', 'Content-Type': 'application/json', 'Transfer-Encoding': 'chunked', 'Connection': 'keep-alive', 'Server': 'cloudflare', 'Nel': '{"report_to":"cf-nel","success_fraction":0.0,"max_age":604800}', 'Vary': 'Origin, Access-Control-Request-Method, Access-Control-Request-Headers', 'cf-cache-status': 'DYNAMIC', 'Report-To': '{"group":"cf-nel","max_age":604800,"endpoints":[{"url":"https://a.nel.cloudflare.com/report/v4?s=TA%2BMfXRJ5guQbVVUT66iB%2FelQhqKMGXPnqPf7g%2BBCZCnDerT5EefkbM5M06zQs3odzANGAhUh1RJvMEtZbXxkWKcNRw1zlPhSxKBSV0djFJd7mI%3D"}]}', 'Content-Encoding': 'zstd', 'CF-RAY': '9bcfef9dcc91c155-EZE', 'alt-svc': 'h3=":443"; ma=86400'} 
 body={"id":"7","name":"Apple MacBook Pro 16","data":{"year":2019,"price":1849.99,"CPU model":"Intel Core i9","Hard disk size":"1 TB"}} 
 </msg>
<msg time="2026-01-12T19:02:04.838565" level="INFO">${response} = &lt;Response [200]&gt;</msg>
<var>${response}</var>
<arg>${url}/objects/${object_id}</arg>
<doc>Sends a GET request.</doc>
<status status="PASS" start="2026-01-12T19:02:03.495083" elapsed="1.343509"/>
</kw>
<return>
<value>${response}</value>
<status status="PASS" start="2026-01-12T19:02:04.838678" elapsed="0.000052"/>
</return>
<msg time="2026-01-12T19:02:04.838880" level="INFO">${response} = &lt;Response [200]&gt;</msg>
<var>${response}</var>
<arg>${API_URL}</arg>
<arg>${OBJECT_ID}</arg>
<doc>Realiza GET request a /objects/{id}</doc>
<status status="PASS" start="2026-01-12T19:02:03.493921" elapsed="1.344982"/>
</kw>
<kw name="Response Status Should Be 200" owner="apiPage">
<kw name="Should Be Equal As Integers" owner="BuiltIn">
<msg time="2026-01-12T19:02:04.840689" level="INFO">Argument types are:
&lt;class 'int'&gt;
&lt;class 'str'&gt;</msg>
<arg>${response.status_code}</arg>
<arg>200</arg>
<arg>Response status code should be 200</arg>
<doc>Fails if objects are unequal after converting them to integers.</doc>
<status status="PASS" start="2026-01-12T19:02:04.839710" elapsed="0.001082"/>
</kw>
<arg>${response}</arg>
<doc>Verifica que el status code sea 200 OK</doc>
<status status="PASS" start="2026-01-12T19:02:04.839325" elapsed="0.001589"/>
</kw>
<kw name="Response Should Contain Object" owner="apiPage">
<kw name="Set Variable" owner="BuiltIn">
<msg time="2026-01-12T19:02:04.842580" level="INFO">${json} = {'id': '7', 'name': 'Apple MacBook Pro 16', 'data': {'year': 2019, 'price': 1849.99, 'CPU model': 'Intel Core i9', 'Hard disk size': '1 TB'}}</msg>
<var>${json}</var>
<arg>${response.json()}</arg>
<doc>Returns the given values which can then be assigned to a variables.</doc>
<status status="PASS" start="2026-01-12T19:02:04.841737" elapsed="0.000897"/>
</kw>
<kw name="Should Be Equal" owner="BuiltIn">
<arg>${json}[id]</arg>
<arg>${expected_id}</arg>
<arg>ID should match</arg>
<doc>Fails if the given objects are unequal.</doc>
<status status="PASS" start="2026-01-12T19:02:04.842780" elapsed="0.000374"/>
</kw>
<kw name="Should Be Equal" owner="BuiltIn">
<arg>${json}[name]</arg>
<arg>${expected_name}</arg>
<arg>Name should match</arg>
<doc>Fails if the given objects are unequal.</doc>
<status status="PASS" start="2026-01-12T19:02:04.843259" elapsed="0.000281"/>
</kw>
<kw name="Get From Dictionary" owner="Collections">
<msg time="2026-01-12T19:02:04.843809" level="INFO">${data} = {'year': 2019, 'price': 1849.99, 'CPU model': 'Intel Core i9', 'Hard disk size': '1 TB'}</msg>
<var>${data}</var>
<arg>${json}</arg>
<arg>data</arg>
<arg>default=None</arg>
<doc>Returns a value from the given ``dictionary`` based on the given ``key``.</doc>
<status status="PASS" start="2026-01-12T19:02:04.843632" elapsed="0.000201"/>
</kw>
<kw name="Should Not Be Empty" owner="BuiltIn">
<msg time="2026-01-12T19:02:04.844319" level="INFO">Length is 4.</msg>
<arg>${data}</arg>
<arg>Response should have 'data' field</arg>
<doc>Verifies that the given item is not empty.</doc>
<status status="PASS" start="2026-01-12T19:02:04.843933" elapsed="0.000427"/>
</kw>
<kw name="Should Contain" owner="BuiltIn">
<arg>${data}</arg>
<arg>year</arg>
<doc>Fails if ``container`` does not contain ``item`` one or more times.</doc>
<status status="PASS" start="2026-01-12T19:02:04.844450" elapsed="0.000257"/>
</kw>
<kw name="Should Contain" owner="BuiltIn">
<arg>${data}</arg>
<arg>price</arg>
<doc>Fails if ``container`` does not contain ``item`` one or more times.</doc>
<status status="PASS" start="2026-01-12T19:02:04.844790" elapsed="0.000226"/>
</kw>
<kw name="Should Contain" owner="BuiltIn">
<arg>${data}</arg>
<arg>CPU model</arg>
<doc>Fails if ``container`` does not contain ``item`` one or more times.</doc>
<status status="PASS" start="2026-01-12T19:02:04.845095" elapsed="0.000204"/>
</kw>
<kw name="Should Contain" owner="BuiltIn">
<arg>${data}</arg>
<arg>Hard disk size</arg>
<doc>Fails if ``container`` does not contain ``item`` one or more times.</doc>
<status status="PASS" start="2026-01-12T19:02:04.845371" elapsed="0.000201"/>
</kw>
<kw name="Should Be Equal" owner="BuiltIn">
<msg time="2026-01-12T19:02:04.845862" level="INFO">Argument types are:
&lt;class 'int'&gt;
&lt;class 'str'&gt;</msg>
<msg time="2026-01-12T19:02:04.846034" level="FAIL">Year should be 2019: 2019 (integer) != 2019 (string)</msg>
<arg>${data}[year]</arg>
<arg>2019</arg>
<arg>Year should be 2019</arg>
<doc>Fails if the given objects are unequal.</doc>
<status status="FAIL" start="2026-01-12T19:02:04.845659" elapsed="0.000524">Year should be 2019: 2019 (integer) != 2019 (string)</status>
</kw>
<kw name="Should Be Equal" owner="BuiltIn">
<arg>${data}[price]</arg>
<arg>1849.99</arg>
<arg>Price should be 1849.99</arg>
<doc>Fails if the given objects are unequal.</doc>
<status status="NOT RUN" start="2026-01-12T19:02:04.846295" elapsed="0.000019"/>
</kw>
<kw name="Should Be Equal" owner="BuiltIn">
<arg>${data}[CPU model]</arg>
<arg>Intel Core i9</arg>
<arg>CPU model should match</arg>
<doc>Fails if the given objects are unequal.</doc>
<status status="NOT RUN" start="2026-01-12T19:02:04.846395" elapsed="0.000017"/>
</kw>
<kw name="Should Be Equal" owner="BuiltIn">
<arg>${data}[Hard disk size]</arg>
<arg>1 TB</arg>
<arg>Hard disk size should match</arg>
<doc>Fails if the given objects are unequal.</doc>
<status status="NOT RUN" start="2026-01-12T19:02:04.846481" elapsed="0.000015"/>
</kw>
<arg>${response}</arg>
<arg>${OBJECT_ID}</arg>
<arg>${OBJECT_NAME}</arg>
<doc>Verifica que la respuesta contiene los campos esperados</doc>
<status status="FAIL" start="2026-01-12T19:02:04.841360" elapsed="0.005258">Year should be 2019: 2019 (integer) != 2019 (string)</status>
</kw>
<kw name="Log Response Details" owner="apiPage">
<arg>${response}</arg>
<doc>Imprime los detalles de la respuesta</doc>
<status status="NOT RUN" start="2026-01-12T19:02:04.846985" elapsed="0.000027"/>
</kw>
<doc>Verifica que GET /objects/7 devuelve 200 y los datos esperados</doc>
<tag>api</tag>
<tag>rest</tag>
<tag>smoke</tag>
<status status="FAIL" start="2026-01-12T19:02:03.492690" elapsed="1.354620">Year should be 2019: 2019 (integer) != 2019 (string)</status>
</test>
<status status="FAIL" start="2026-01-12T19:02:03.344436" elapsed="1.504323"/>
</suite>
<statistics>
<total>
<stat pass="0" fail="1" skip="0">All Tests</stat>
</total>
<tag>
<stat pass="0" fail="1" skip="0">api</stat>
<stat pass="0" fail="1" skip="0">rest</stat>
<stat pass="0" fail="1" skip="0">smoke</stat>
</tag>
<suite>
<stat name="apiTest" id="s1" pass="0" fail="1" skip="0">apiTest</stat>
</suite>
</statistics>
<errors>
</errors>
</robot>
